cDLLTable:: Loading DLL: MISCSCR.DLL.
cDLLTable:: Unloading MISCSCR.DLL

ORPHANED ATOMS:

ID: 0x8000, Type: AT_STRING, RefCount: 1, String: "HASBEENMODIFIED"
ID: 0x8080, Type: AT_STRING, RefCount: 1, String: "Align"
ID: 0x8100, Type: AT_STRING, RefCount: 1, String: "ALIGN"
ID: 0x8180, Type: AT_STRING, RefCount: 1, String: "GetRegionRight"
ID: 0x8200, Type: AT_STRING, RefCount: 3, String: "Message"
ID: 0x8280, Type: AT_STRING, RefCount: 1, String: "MESSAGE"
ID: 0x8300, Type: AT_STRING, RefCount: 1, String: "CANCEL"
ID: 0x8380, Type: AT_STRING, RefCount: 1, String: "Translated"
ID: 0x8400, Type: AT_STRING, RefCount: 1, String: "LogFileName"
ID: 0x8480, Type: AT_STRING, RefCount: 1, String: "Modules"
ID: 0x8500, Type: AT_STRING, RefCount: 1, String: "MODULES"
ID: 0x8580, Type: AT_STRING, RefCount: 1, String: "WordBoundary"
ID: 0x8600, Type: AT_STRING, RefCount: 27, String: ""
ID: 0x8680, Type: AT_STRING, RefCount: 1, String: "ScriptDiag"
ID: 0x8F00, Type: AT_STRING, RefCount: 6, String: "editor.MoveLineViewBottom();"
ID: 0x8F80, Type: AT_STRING, RefCount: 2, String: "editor.TopView.Position.InsertCharacter('+');"
ID: 0x8001, Type: AT_STRING, RefCount: 3, String: "SAVE"
ID: 0x8081, Type: AT_STRING, RefCount: 1, String: "INSERTCHARACTER"
ID: 0x8101, Type: AT_STRING, RefCount: 1, String: "MODULENAME"
ID: 0x8181, Type: AT_STRING, RefCount: 1, String: "FILESAVE"
ID: 0x8201, Type: AT_STRING, RefCount: 1, String: "EditorBrowseSymbol"
ID: 0x8281, Type: AT_STRING, RefCount: 1, String: "DebugEvaluateCurrent"
ID: 0x8301, Type: AT_STRING, RefCount: 1, String: "Guido"
ID: 0x8781, Type: AT_STRING, RefCount: 6, String: "editor.GotoBookmark(4);"
ID: 0x8801, Type: AT_STRING, RefCount: 6, String: "editor.InternalMoveBlock();"
ID: 0x8002, Type: AT_STRING, RefCount: 1, String: "SyntaxHighlight"
ID: 0x8082, Type: AT_STRING, RefCount: 1, String: "ExtendReal"
ID: 0x8102, Type: AT_STRING, RefCount: 1, String: "ORIGINALPATH"
ID: 0x8182, Type: AT_STRING, RefCount: 1, String: "IDLETIMEOUT"
ID: 0x8202, Type: AT_STRING, RefCount: 1, String: "WindowMinimizeAll"
ID: 0x8282, Type: AT_STRING, RefCount: 1, String: "PROMPTONREPLACE"
ID: 0x8302, Type: AT_STRING, RefCount: 1, String: "MONTHNAME"
ID: 0x8382, Type: AT_STRING, RefCount: 4, String: "IDE.DebugInspect();"
ID: 0x8902, Type: AT_STRING, RefCount: 6, String: "editor.MoveCursorToMarkBegin();"
ID: 0x8003, Type: AT_STRING, RefCount: 1, String: "FINDEXECUTIONPOINT"
ID: 0x8083, Type: AT_STRING, RefCount: 2, String: "ViewSlide"
ID: 0x8103, Type: AT_STRING, RefCount: 1, String: "Menu"
ID: 0x8183, Type: AT_STRING, RefCount: 1, String: "IDE.WindowMinimizeAll();"
ID: 0x8203, Type: AT_STRING, RefCount: 1, String: "ClassExAddHandler"
ID: 0x8803, Type: AT_STRING, RefCount: 2, String: "d:\bin\bc5\script\default.spx"
ID: 0x8883, Type: AT_STRING, RefCount: 6, String: "editor.GotoBookmark(6);"
ID: 0x8004, Type: AT_STRING, RefCount: 1, String: "STYLEGETNEXT"
ID: 0x8084, Type: AT_STRING, RefCount: 1, String: "MOVEEOF"
ID: 0x8104, Type: AT_STRING, RefCount: 1, String: "LASTEDITCOLUMN"
ID: 0x8184, Type: AT_STRING, RefCount: 1, String: "GetRegionLeft"
ID: 0x8204, Type: AT_STRING, RefCount: 1, String: "SearchLocateSymbol"
ID: 0x8284, Type: AT_STRING, RefCount: 1, String: "APPENDTOLOG"
ID: 0x8304, Type: AT_STRING, RefCount: 1, String: "PAUSEPLAYBACK"
ID: 0x8384, Type: AT_STRING, RefCount: 1, String: "SENDKEYS"
ID: 0x8404, Type: AT_STRING, RefCount: 3, String: "debugger.ToggleBreakpoint();"
ID: 0x8484, Type: AT_STRING, RefCount: 1, String: "IDE.ViewWatch();"
ID: 0x8504, Type: AT_STRING, RefCount: 1, String: "ParseGrepMessages"
ID: 0x8804, Type: AT_STRING, RefCount: 3, String: "IDE.ViewActivate(UP);"
ID: 0x8904, Type: AT_STRING, RefCount: 6, String: "editor.OpenFileAtCursor();"
ID: 0x8005, Type: AT_STRING, RefCount: 1, String: "DebugeeAboutToRun"
ID: 0x8085, Type: AT_STRING, RefCount: 1, String: "DEBUGEETERMINATED"
ID: 0x8105, Type: AT_STRING, RefCount: 1, String: "TabRack"
ID: 0x8185, Type: AT_STRING, RefCount: 1, String: "SIZE"
ID: 0x8205, Type: AT_STRING, RefCount: 1, String: "Drive"
ID: 0x8285, Type: AT_STRING, RefCount: 1, String: "DRIVE"
ID: 0x8305, Type: AT_STRING, RefCount: 1, String: "CurrentIndex"
ID: 0x8385, Type: AT_STRING, RefCount: 1, String: "CURRENTINDEX"
ID: 0x8405, Type: AT_STRING, RefCount: 1, String: "DIAGNOSTICMESSAGES"
ID: 0x8485, Type: AT_STRING, RefCount: 1, String: "UNLOAD"
ID: 0x8505, Type: AT_STRING, RefCount: 1, String: "ArgPadding"
ID: 0x8585, Type: AT_STRING, RefCount: 1, String: "ARGPADDING"
ID: 0x8605, Type: AT_STRING, RefCount: 1, String: "CURRENTPLAYBACK"
ID: 0x8685, Type: AT_STRING, RefCount: 1, String: "BrowseMultiView"
ID: 0x8905, Type: AT_STRING, RefCount: 1, String: "DefaultEmulation"
ID: 0x8D05, Type: AT_IDENT, RefCount: 1, String: ProcessScriptCommand
ID: 0x8D85, Type: AT_IDENT, RefCount: 1, String: DefaultEmulation
ID: 0x8E05, Type: AT_STRING, RefCount: 4, String: "editor.GotoBookmark(8);"
ID: 0x8E85, Type: AT_STRING, RefCount: 4, String: "editor.TopView.Position.MoveRelative(0,-1,true);SetZeroBlock(FALSE);"
ID: 0x8006, Type: AT_STRING, RefCount: 1, String: "EDITWINDOWCREATE"
ID: 0x8086, Type: AT_STRING, RefCount: 1, String: "KEYBOARDASSIGNMENTFILE"
ID: 0x8106, Type: AT_STRING, RefCount: 1, String: "DirectoryDialog"
ID: 0x8186, Type: AT_STRING, RefCount: 1, String: "SIMPLEDIALOG"
ID: 0x8206, Type: AT_STRING, RefCount: 1, String: "WindowTileVertical"
ID: 0x8286, Type: AT_STRING, RefCount: 1, String: "Unloaded"
ID: 0x8306, Type: AT_STRING, RefCount: 4, String: "IDE.SearchReplace();"
ID: 0x8406, Type: AT_IDENT, RefCount: 1, String: FindFirstFile
ID: 0x8007, Type: AT_STRING, RefCount: 2, String: "Restore"
ID: 0x8087, Type: AT_STRING, RefCount: 2, String: "RESTORE"
ID: 0x8107, Type: AT_STRING, RefCount: 1, String: "InitialDate"
ID: 0x8187, Type: AT_STRING, RefCount: 1, String: "VIEWDESTROYED"
ID: 0x8207, Type: AT_STRING, RefCount: 1, String: "RightColumn"
ID: 0x8287, Type: AT_STRING, RefCount: 1, String: "EDITCOPY"
ID: 0x8307, Type: AT_STRING, RefCount: 1, String: "IDE.ProjectOpenProject();"
ID: 0x8387, Type: AT_STRING, RefCount: 1, String: "IDE.DebugSourceAtExecutionPoint();"
ID: 0x8607, Type: AT_IDENT, RefCount: 1, String: LoadKeyboardDataFile
ID: 0x8687, Type: AT_STRING, RefCount: 1, String: "FindFileOnPath"
ID: 0x8008, Type: AT_STRING, RefCount: 1, String: "Run"
ID: 0x8088, Type: AT_STRING, RefCount: 1, String: "RUN"
ID: 0x8108, Type: AT_STRING, RefCount: 2, String: "Block"
ID: 0x8188, Type: AT_STRING, RefCount: 2, String: "BLOCK"
ID: 0x8208, Type: AT_STRING, RefCount: 1, String: "BufferRedo"
ID: 0x8288, Type: AT_STRING, RefCount: 3, String: "FilePrint"
ID: 0x8308, Type: AT_STRING, RefCount: 1, String: "ProjectCompile"
ID: 0x8388, Type: AT_STRING, RefCount: 1, String: "PROJECTCOMPILE"
ID: 0x8408, Type: AT_STRING, RefCount: 1, String: "Undo"
ID: 0x8488, Type: AT_STRING, RefCount: 1, String: "SYMBOLLOAD"
ID: 0x8508, Type: AT_STRING, RefCount: 1, String: "Hour"
ID: 0x8588, Type: AT_STRING, RefCount: 1, String: "SCRIPTABORTKEY"
ID: 0x8608, Type: AT_STRING, RefCount: 1, String: "IDE.HelpContents();"
ID: 0x8D08, Type: AT_STRING, RefCount: 4, String: "IDE.ViewSlide(DOWN);"
ID: 0x8D88, Type: AT_STRING, RefCount: 10, String: "editor.MoveCursorToMate(SEARCH_FORWARD);"
ID: 0x8009, Type: AT_STRING, RefCount: 1, String: "RunToFileLine"
ID: 0x8089, Type: AT_STRING, RefCount: 1, String: "EndingColumn"
ID: 0x8109, Type: AT_STRING, RefCount: 2, String: "OptionsTools"
ID: 0x8189, Type: AT_STRING, RefCount: 1, String: "OPTIONSTOOLS"
ID: 0x8209, Type: AT_STRING, RefCount: 1, String: "IsAClass"
ID: 0x8289, Type: AT_STRING, RefCount: 1, String: "IDE.WindowTileVertical();"
ID: 0x8309, Type: AT_STRING, RefCount: 1, String: "tlink"
ID: 0x8389, Type: AT_STRING, RefCount: 1, String: "mate"
ID: 0x8789, Type: AT_IDENT, RefCount: 1, String: IsEditKeyboard
ID: 0x8A09, Type: AT_STRING, RefCount: 2, String: "editor.Redo();"
ID: 0x8A89, Type: AT_STRING, RefCount: 4, String: "editor.CreateView(UP);"
ID: 0x8B09, Type: AT_STRING, RefCount: 4, String: "editor.InternalMarkToEOF();"
ID: 0x800A, Type: AT_STRING, RefCount: 2, String: "Load"
ID: 0x808A, Type: AT_STRING, RefCount: 1, String: "STATEMENTSTEPINTO"
ID: 0x810A, Type: AT_STRING, RefCount: 1, String: "CreateBackup"
ID: 0x818A, Type: AT_STRING, RefCount: 1, String: "MOVEEOL"
ID: 0x820A, Type: AT_STRING, RefCount: 1, String: "Count"
ID: 0x828A, Type: AT_STRING, RefCount: 1, String: "COUNT"
ID: 0x830A, Type: AT_STRING, RefCount: 1, String: "MultiSelect"
ID: 0x838A, Type: AT_STRING, RefCount: 3, String: "REMOVE"
ID: 0x840A, Type: AT_STRING, RefCount: 1, String: "OutOfDate"
ID: 0x848A, Type: AT_STRING, RefCount: 1, String: "SourcePath"
ID: 0x850A, Type: AT_STRING, RefCount: 1, String: "FROMCURSOR"
ID: 0x858A, Type: AT_STRING, RefCount: 1, String: "Compress"
ID: 0x860A, Type: AT_STRING, RefCount: 1, String: "ResumeRecord"
ID: 0x868A, Type: AT_STRING, RefCount: 1, String: "IDE.WindowRestoreAll("Browse");"
ID: 0x8B8A, Type: AT_STRING, RefCount: 2, String: "editor.TopView.Position.BackspaceDelete(1);"
ID: 0x8C8A, Type: AT_STRING, RefCount: 8, String: "editor.DeleteToEOL();"
ID: 0x800B, Type: AT_STRING, RefCount: 6, String: "ISVALID"
ID: 0x808B, Type: AT_STRING, RefCount: 1, String: "FirstStyle"
ID: 0x810B, Type: AT_STRING, RefCount: 1, String: "FIRSTSTYLE"
ID: 0x818B, Type: AT_STRING, RefCount: 1, String: "MOVEBLOCKEND"
ID: 0x820B, Type: AT_STRING, RefCount: 1, String: "ViewExists"
ID: 0x828B, Type: AT_STRING, RefCount: 1, String: "LEFT"
ID: 0x830B, Type: AT_STRING, RefCount: 1, String: "LOADED"
ID: 0x838B, Type: AT_STRING, RefCount: 1, String: "ProjectClose"
ID: 0x840B, Type: AT_STRING, RefCount: 1, String: "IDE.WindowMinimizeAll("Debug");"
ID: 0x800C, Type: AT_STRING, RefCount: 1, String: "FILESEND"
ID: 0x808C, Type: AT_STRING, RefCount: 1, String: "Length"
ID: 0x810C, Type: AT_STRING, RefCount: 1, String: "ClassExEditDialog"
ID: 0x818C, Type: AT_STRING, RefCount: 1, String: "DebugWatchCurrent"
ID: 0x800D, Type: AT_STRING, RefCount: 1, String: "AddBreakpointFileLine"
ID: 0x808D, Type: AT_STRING, RefCount: 1, String: "Inspect"
ID: 0x810D, Type: AT_STRING, RefCount: 1, String: "INSPECT"
ID: 0x818D, Type: AT_STRING, RefCount: 2, String: "ApplyStyle"
ID: 0x820D, Type: AT_STRING, RefCount: 2, String: "APPLYSTYLE"
ID: 0x828D, Type: AT_STRING, RefCount: 1, String: "InsertScrap"
ID: 0x830D, Type: AT_STRING, RefCount: 3, String: "SearchAgain"
ID: 0x838D, Type: AT_STRING, RefCount: 1, String: "SETWINDOWSTATE"
ID: 0x840D, Type: AT_STRING, RefCount: 1, String: "IDE.ProjectAppExpert();"
ID: 0x848D, Type: AT_STRING, RefCount: 1, String: "DebugFindExecutionPoint"
ID: 0x898D, Type: AT_IDENT, RefCount: 1, String: GenerateKeyboardSourceFile
ID: 0x800E, Type: AT_STRING, RefCount: 1, String: "TOGGLECASE"
ID: 0x808E, Type: AT_STRING, RefCount: 1, String: "BlockIndent"
ID: 0x810E, Type: AT_STRING, RefCount: 3, String: "EditSelectAll"
ID: 0x818E, Type: AT_STRING, RefCount: 1, String: "FileDialog"
ID: 0x820E, Type: AT_STRING, RefCount: 2, String: "FileOpen"
ID: 0x828E, Type: AT_STRING, RefCount: 1, String: "ACCEPT"
ID: 0x830E, Type: AT_STRING, RefCount: 1, String: "IDE.ViewMessage();"
ID: 0x838E, Type: AT_STRING, RefCount: 1, String: "IDE.ScriptCommands();"
ID: 0x858E, Type: AT_IDENT, RefCount: 1, String: BeginBlock
ID: 0x800F, Type: AT_STRING, RefCount: 1, String: "STARTINGROW"
ID: 0x808F, Type: AT_STRING, RefCount: 1, String: "FILENAME"
ID: 0x810F, Type: AT_STRING, RefCount: 4, String: "NAME"
ID: 0x818F, Type: AT_STRING, RefCount: 1, String: "EnterContextHelpMode"
ID: 0x820F, Type: AT_STRING, RefCount: 1, String: "KeyboardAssignmentsChanged"
ID: 0x828F, Type: AT_STRING, RefCount: 1, String: "MAKEPREVIEW"
ID: 0x830F, Type: AT_STRING, RefCount: 1, String: "IsAMethod"
ID: 0x838F, Type: AT_STRING, RefCount: 1, String: "ISAMETHOD"
ID: 0x840F, Type: AT_STRING, RefCount: 1, String: "MessageNext"
ID: 0x848F, Type: AT_STRING, RefCount: 1, String: "ClassExEditDocType"
ID: 0x850F, Type: AT_STRING, RefCount: 1, String: "IDE.ViewClasses();"
ID: 0x870F, Type: AT_STRING, RefCount: 1, String: "ParseAssemblerMessages"
ID: 0x898F, Type: AT_IDENT, RefCount: 1, String: CopyBlock
ID: 0x8D0F, Type: AT_STRING, RefCount: 4, String: "editor.CreateView(RIGHT);"
ID: 0x8010, Type: AT_STRING, RefCount: 1, String: "EXTENDPAGEUP"
ID: 0x8090, Type: AT_STRING, RefCount: 1, String: "ISPRIVATE"
ID: 0x8110, Type: AT_STRING, RefCount: 1, String: "EDITREDO"
ID: 0x8190, Type: AT_STRING, RefCount: 1, String: "OPTIONSSAVE"
ID: 0x8210, Type: AT_STRING, RefCount: 1, String: "WindowArrangeIcons"
ID: 0x8290, Type: AT_STRING, RefCount: 1, String: "WindowCloseAllDebugger"
ID: 0x8310, Type: AT_STRING, RefCount: 1, String: "DebugBreakpointOptions"
ID: 0x8390, Type: AT_STRING, RefCount: 1, String: "DebugPauseProgram"
ID: 0x8A90, Type: AT_STRING, RefCount: 2, String: "editor.InternalDeleteWordRight();"
ID: 0x8B10, Type: AT_STRING, RefCount: 6, String: "editor.TopView.Position.GotoLine();"
ID: 0x8B90, Type: AT_STRING, RefCount: 6, String: "SetBlockStyle(LINE_BLOCK);"
ID: 0x8C10, Type: AT_STRING, RefCount: 2, String: "editor.TopView.Position.InsertCharacter('\t');"
ID: 0x8011, Type: AT_STRING, RefCount: 1, String: "IsRunnable"
ID: 0x8091, Type: AT_STRING, RefCount: 1, String: "VIEWUNDO"
ID: 0x8111, Type: AT_STRING, RefCount: 1, String: "CALLER"
ID: 0x8191, Type: AT_STRING, RefCount: 1, String: "ProjectNewAppExpert"
ID: 0x8211, Type: AT_STRING, RefCount: 1, String: "BrowseRewind"
ID: 0x8291, Type: AT_STRING, RefCount: 1, String: "DebugAddBreakpoint"
ID: 0x8311, Type: AT_STRING, RefCount: 2, String: "IDE.DebugStatementStepInto();"
ID: 0x8012, Type: AT_STRING, RefCount: 1, String: "Tab"
ID: 0x8092, Type: AT_STRING, RefCount: 1, String: "TAB"
ID: 0x8112, Type: AT_STRING, RefCount: 1, String: "Closed"
ID: 0x8192, Type: AT_STRING, RefCount: 2, String: "Make"
ID: 0x8212, Type: AT_STRING, RefCount: 1, String: "READLINE"
ID: 0x8292, Type: AT_STRING, RefCount: 1, String: "IDE.FileClose();"
ID: 0x8312, Type: AT_STRING, RefCount: 2, String: "Project"
ID: 0x8892, Type: AT_STRING, RefCount: 6, String: "editor.MoveCursorToMarkEnd();"
ID: 0x8013, Type: AT_STRING, RefCount: 1, String: "TerminateProgram"
ID: 0x8093, Type: AT_STRING, RefCount: 1, String: "TERMINATEPROGRAM"
ID: 0x8113, Type: AT_STRING, RefCount: 2, String: "TopView"
ID: 0x8193, Type: AT_STRING, RefCount: 1, String: "DefaultFilePath"
ID: 0x8213, Type: AT_STRING, RefCount: 3, String: "Editor"
ID: 0x8293, Type: AT_STRING, RefCount: 1, String: "DIALOGCREATED"
ID: 0x8313, Type: AT_STRING, RefCount: 1, String: "HASUNIQUEMAPPING"
ID: 0x8393, Type: AT_STRING, RefCount: 1, String: "AREKEYSWAITING"
ID: 0x8413, Type: AT_STRING, RefCount: 4, String: "IDE.SearchBrowseSymbol();"
ID: 0x8014, Type: AT_STRING, RefCount: 1, String: "EditStyleCreate"
ID: 0x8094, Type: AT_STRING, RefCount: 1, String: "EDITSTYLECREATE"
ID: 0x8114, Type: AT_STRING, RefCount: 1, String: "CURRENTPROJECTNODE"
ID: 0x8194, Type: AT_STRING, RefCount: 2, String: "FINDSTRING"
ID: 0x8214, Type: AT_STRING, RefCount: 2, String: "IDE.EditCut();"
ID: 0x8294, Type: AT_STRING, RefCount: 1, String: "ClassExNewClass"
ID: 0x8314, Type: AT_STRING, RefCount: 1, String: "DebugAddWatch"
ID: 0x8394, Type: AT_STRING, RefCount: 7, String: "filters"
ID: 0x8414, Type: AT_IDENT, RefCount: 1, String: FindNextFile
ID: 0x8494, Type: AT_IDENT, RefCount: 1, String: FormatString
ID: 0x8794, Type: AT_IDENT, RefCount: 1, String: DoIDEEditBufferList
ID: 0x8015, Type: AT_STRING, RefCount: 1, String: "ToggleBreakpoint"
ID: 0x8095, Type: AT_STRING, RefCount: 1, String: "LEFTGUTTERWIDTH"
ID: 0x8115, Type: AT_STRING, RefCount: 1, String: "BOOKMARKRECORD"
ID: 0x8195, Type: AT_STRING, RefCount: 1, String: "SaveMessages"
ID: 0x8215, Type: AT_STRING, RefCount: 1, String: "Assign"
ID: 0x8295, Type: AT_STRING, RefCount: 1, String: "LastKeyProcessed"
ID: 0x8315, Type: AT_STRING, RefCount: 1, String: "WindowCloseAllWindows"
ID: 0x8395, Type: AT_STRING, RefCount: 1, String: "IDE.DebugAnimate();"
ID: 0x8415, Type: AT_STRING, RefCount: 1, String: "DebugRunToCurrent"
ID: 0x8495, Type: AT_STRING, RefCount: 1, String: "DebugResetThisProgram"
ID: 0x8515, Type: AT_STRING, RefCount: 3, String: "Desktop"
ID: 0x8595, Type: AT_STRING, RefCount: 1, String: "tlib"
ID: 0x8915, Type: AT_IDENT, RefCount: 1, String: MoveFile
ID: 0x8D95, Type: AT_STRING, RefCount: 6, String: "editor.TopView.Position.Move(editor.TopView.LastEditRow, editor.TopView.LastEditColumn);"
ID: 0x8016, Type: AT_STRING, RefCount: 1, String: "Window"
ID: 0x8096, Type: AT_STRING, RefCount: 1, String: "EXPANDWINDOW"
ID: 0x8116, Type: AT_STRING, RefCount: 1, String: "TranslateComplete"
ID: 0x8196, Type: AT_STRING, RefCount: 1, String: "OUTPUTNAME"
ID: 0x8216, Type: AT_STRING, RefCount: 1, String: "MilliSecond"
ID: 0x8296, Type: AT_STRING, RefCount: 1, String: "ResumePlayback"
ID: 0x8316, Type: AT_STRING, RefCount: 1, String: "WindowMinAllBrowser"
ID: 0x8396, Type: AT_STRING, RefCount: 1, String: "WindowTilehorizontal"
ID: 0x8416, Type: AT_STRING, RefCount: 1, String: "IDE.ScriptRunFile();"
ID: 0x8017, Type: AT_STRING, RefCount: 1, String: "EvaluateWindow"
ID: 0x8097, Type: AT_STRING, RefCount: 1, String: "Options"
ID: 0x8117, Type: AT_STRING, RefCount: 1, String: "OPTIONS"
ID: 0x8197, Type: AT_STRING, RefCount: 1, String: "IsFileLoaded"
ID: 0x8217, Type: AT_STRING, RefCount: 3, String: "Next"
ID: 0x8297, Type: AT_STRING, RefCount: 1, String: "MoveViewToCursor"
ID: 0x8317, Type: AT_STRING, RefCount: 1, String: "MOVEVIEWTOCURSOR"
ID: 0x8397, Type: AT_STRING, RefCount: 2, String: "ViewMessage"
ID: 0x8417, Type: AT_STRING, RefCount: 2, String: "HelpUsingHelp"
ID: 0x8497, Type: AT_STRING, RefCount: 1, String: "HELPUSINGHELP"
ID: 0x8517, Type: AT_STRING, RefCount: 2, String: "WindowCascade"
ID: 0x8597, Type: AT_STRING, RefCount: 2, String: "Breakpoints"
ID: 0x8817, Type: AT_IDENT, RefCount: 1, String: D:\BIN\BC5\SCRIPT\EDIT.SPP
ID: 0x8A97, Type: AT_STRING, RefCount: 2, String: "d:\bin\bc5\script\debug.spx"
ID: 0x8018, Type: AT_STRING, RefCount: 2, String: "ViewCallStack"
ID: 0x8098, Type: AT_STRING, RefCount: 1, String: "VIEWCREATED"
ID: 0x8118, Type: AT_STRING, RefCount: 1, String: "DistanceToTab"
ID: 0x8198, Type: AT_STRING, RefCount: 1, String: "DirectionDialog"
ID: 0x8218, Type: AT_STRING, RefCount: 1, String: "GETKEYSEQUENCE"
ID: 0x8298, Type: AT_STRING, RefCount: 1, String: "KeyCount"
ID: 0x8318, Type: AT_STRING, RefCount: 1, String: "KEYCOUNT"
ID: 0x8518, Type: AT_STRING, RefCount: 1, String: "unload_macro"
ID: 0x8798, Type: AT_IDENT, RefCount: 1, String: DoIDEFileOpen
ID: 0x8B18, Type: AT_STRING, RefCount: 4, String: "editor.Scroll(1);"
ID: 0x8019, Type: AT_STRING, RefCount: 4, String: "Copy"
ID: 0x8099, Type: AT_STRING, RefCount: 1, String: "ENDWAITCURSOR"
ID: 0x8119, Type: AT_STRING, RefCount: 1, String: "GETWINDOWSTATE"
ID: 0x8199, Type: AT_STRING, RefCount: 1, String: "OPTIONSSTYLESHEETS"
ID: 0x8219, Type: AT_STRING, RefCount: 1, String: "MADE"
ID: 0x8299, Type: AT_STRING, RefCount: 1, String: "Day"
ID: 0x8319, Type: AT_STRING, RefCount: 1, String: "DAY"
ID: 0x8399, Type: AT_STRING, RefCount: 1, String: "Hundredth"
ID: 0x8419, Type: AT_STRING, RefCount: 1, String: "HUNDREDTH"
ID: 0x8499, Type: AT_STRING, RefCount: 1, String: "Provider"
ID: 0x8519, Type: AT_STRING, RefCount: 2, String: "IDE.EditUndo();"
ID: 0x8599, Type: AT_STRING, RefCount: 1, String: "OptionsEnv"
ID: 0x8619, Type: AT_STRING, RefCount: 2, String: "IDE.WindowTileHorizontal();"
ID: 0x8699, Type: AT_STRING, RefCount: 1, String: "debugger.ViewCpuFileLine();"
ID: 0x8719, Type: AT_STRING, RefCount: 2, String: "IDE.DebugTerminateProcess();"
ID: 0x8799, Type: AT_STRING, RefCount: 1, String: "ScriptEngine"
ID: 0x8A99, Type: AT_IDENT, RefCount: 1, String: LoadKeyboard
ID: 0x8B99, Type: AT_IDENT, RefCount: 1, String: SetBlockStyle
ID: 0x8E19, Type: AT_STRING, RefCount: 4, String: "IDE.ViewSlide(RIGHT);"
ID: 0x8E99, Type: AT_STRING, RefCount: 6, String: "editor.BlockLower();"
ID: 0x801A, Type: AT_STRING, RefCount: 1, String: "READ"
ID: 0x809A, Type: AT_STRING, RefCount: 1, String: "VIEWDELETE"
ID: 0x811A, Type: AT_STRING, RefCount: 1, String: "KEYPRESSDIALOG"
ID: 0x819A, Type: AT_STRING, RefCount: 1, String: "BUILDCOMPLETE"
ID: 0x821A, Type: AT_STRING, RefCount: 1, String: "MINUTE"
ID: 0x829A, Type: AT_STRING, RefCount: 1, String: "Second"
ID: 0x831A, Type: AT_STRING, RefCount: 1, String: "WindowCloseAllEditor"
ID: 0x869A, Type: AT_IDENT, RefCount: 1, String: EndBlock
ID: 0x809B, Type: AT_STRING, RefCount: 1, String: "INSTRUCTIONSTEPOVER"
ID: 0x811B, Type: AT_STRING, RefCount: 1, String: "VIEWEVENTLOG"
ID: 0x819B, Type: AT_STRING, RefCount: 1, String: "BUFFERCREATED"
ID: 0x821B, Type: AT_STRING, RefCount: 1, String: "Activate"
ID: 0x829B, Type: AT_STRING, RefCount: 1, String: "GeneralExit"
ID: 0x831B, Type: AT_STRING, RefCount: 1, String: "IDE.HelpKeyboard();"
ID: 0x839B, Type: AT_STRING, RefCount: 1, String: "HelpWhatIsThis"
ID: 0x841B, Type: AT_STRING, RefCount: 1, String: "debugger.WatchCurrent();"
ID: 0x879B, Type: AT_IDENT, RefCount: 1, String: DoIDEFileSaveAs
ID: 0x801C, Type: AT_STRING, RefCount: 1, String: "CursorThroughTabs"
ID: 0x809C, Type: AT_STRING, RefCount: 1, String: "CURSORTHROUGHTABS"
ID: 0x811C, Type: AT_STRING, RefCount: 1, String: "CURRENTDATE"
ID: 0x819C, Type: AT_STRING, RefCount: 1, String: "OptionsChanging"
ID: 0x821C, Type: AT_STRING, RefCount: 1, String: "IsHidden"
ID: 0x829C, Type: AT_STRING, RefCount: 1, String: "PROJECTMANAGERINITIALIZE"
ID: 0x831C, Type: AT_STRING, RefCount: 1, String: "TOOL"
ID: 0x839C, Type: AT_STRING, RefCount: 1, String: "TRANSFEROUTPUTEXISTS"
ID: 0x801D, Type: AT_STRING, RefCount: 1, String: "FILENEW"
ID: 0x809D, Type: AT_STRING, RefCount: 1, String: "SPEEDMENU"
ID: 0x811D, Type: AT_STRING, RefCount: 1, String: "Upper"
ID: 0x819D, Type: AT_STRING, RefCount: 1, String: "UPPER"
ID: 0x821D, Type: AT_STRING, RefCount: 1, String: "CurrentRecord"
ID: 0x829D, Type: AT_STRING, RefCount: 1, String: "StopRecord"
ID: 0x831D, Type: AT_STRING, RefCount: 1, String: "BrowseInspect"
ID: 0x839D, Type: AT_STRING, RefCount: 2, String: "IDE.DebugStatementStepOver();"
ID: 0x879D, Type: AT_STRING, RefCount: 1, String: "ParseBorlandMessages"
ID: 0x801E, Type: AT_STRING, RefCount: 1, String: "SaveToFile"
ID: 0x809E, Type: AT_STRING, RefCount: 1, String: "StartWaitCursor"
ID: 0x811E, Type: AT_STRING, RefCount: 2, String: "Add"
ID: 0x819E, Type: AT_STRING, RefCount: 2, String: "ADD"
ID: 0x821E, Type: AT_STRING, RefCount: 1, String: "PUSH"
ID: 0x829E, Type: AT_STRING, RefCount: 2, String: "IDE.DebugAddBreakpoint();"
ID: 0x891E, Type: AT_STRING, RefCount: 10, String: "editor.TopView.Position.Move(editor.TopView.BottomRow-1);"
ID: 0x801F, Type: AT_STRING, RefCount: 1, String: "HasProcess"
ID: 0x809F, Type: AT_STRING, RefCount: 1, String: "HASPROCESS"
ID: 0x811F, Type: AT_STRING, RefCount: 1, String: "VIEWPROCESS"
ID: 0x819F, Type: AT_STRING, RefCount: 1, String: "VerticalScrollBar"
ID: 0x821F, Type: AT_STRING, RefCount: 1, String: "PriorBuffer"
ID: 0x829F, Type: AT_STRING, RefCount: 1, String: "ViewActivated"
ID: 0x831F, Type: AT_STRING, RefCount: 1, String: "GotoLine"
ID: 0x839F, Type: AT_STRING, RefCount: 1, String: "HelpKeywordSearch"
ID: 0x841F, Type: AT_STRING, RefCount: 1, String: "HELPKEYWORDSEARCH"
ID: 0x849F, Type: AT_STRING, RefCount: 1, String: "ChildNodes"
ID: 0x851F, Type: AT_STRING, RefCount: 1, String: "CHILDNODES"
ID: 0x859F, Type: AT_STRING, RefCount: 1, String: "SearchText"
ID: 0x861F, Type: AT_STRING, RefCount: 1, String: "INQTYPE"
ID: 0x869F, Type: AT_STRING, RefCount: 1, String: "IDE.WindowMinimizeAll("Edit");"
ID: 0x891F, Type: AT_IDENT, RefCount: 1, String: D:\BIN\BC5\SCRIPT\EDIT.SPX
ID: 0x8F9F, Type: AT_STRING, RefCount: 6, String: "editor.Print();"
ID: 0x80A0, Type: AT_STRING, RefCount: 1, String: "EXTEND"
ID: 0x8120, Type: AT_STRING, RefCount: 1, String: "NEXTVIEW"
ID: 0x81A0, Type: AT_STRING, RefCount: 2, String: "Character"
ID: 0x8220, Type: AT_STRING, RefCount: 2, String: "CHARACTER"
ID: 0x82A0, Type: AT_STRING, RefCount: 3, String: "EditPaste"
ID: 0x8320, Type: AT_STRING, RefCount: 1, String: "GETREGIONRIGHT"
ID: 0x83A0, Type: AT_STRING, RefCount: 1, String: "HelpRequested"
ID: 0x8420, Type: AT_STRING, RefCount: 1, String: "Cancel"
ID: 0x84A0, Type: AT_STRING, RefCount: 2, String: "APPEND"
ID: 0x8520, Type: AT_STRING, RefCount: 1, String: "StartupDirectory"
ID: 0x85A0, Type: AT_STRING, RefCount: 1, String: "STARTUPDIRECTORY"
ID: 0x8620, Type: AT_STRING, RefCount: 1, String: "DAYNAME"
ID: 0x86A0, Type: AT_STRING, RefCount: 1, String: "IsPaused"
ID: 0x8720, Type: AT_STRING, RefCount: 1, String: "IDE.EnterContextHelpMode();"
ID: 0x8820, Type: AT_STRING, RefCount: 1, String: "toupper"
ID: 0x8021, Type: AT_STRING, RefCount: 1, String: "EVALUATE"
ID: 0x80A1, Type: AT_STRING, RefCount: 2, String: "ViewWatch"
ID: 0x8121, Type: AT_STRING, RefCount: 3, String: "Save"
ID: 0x81A1, Type: AT_STRING, RefCount: 2, String: "ScriptCommands"
ID: 0x8221, Type: AT_STRING, RefCount: 1, String: "HELPOWLAPI"
ID: 0x82A1, Type: AT_STRING, RefCount: 1, String: "ProjectGenerateMakefile"
ID: 0x8321, Type: AT_STRING, RefCount: 1, String: "AssignTypeables"
ID: 0x83A1, Type: AT_STRING, RefCount: 1, String: "EditorOpenFile"
ID: 0x8A21, Type: AT_STRING, RefCount: 10, String: "editor.TopView.Position.MoveEOF();"
ID: 0x8AA1, Type: AT_STRING, RefCount: 2, String: "editor.TopView.Position.InsertCharacter('*');"
ID: 0x8022, Type: AT_STRING, RefCount: 1, String: "SYNTAXHIGHLIGHT"
ID: 0x80A2, Type: AT_STRING, RefCount: 2, String: "FULLNAME"
ID: 0x8122, Type: AT_STRING, RefCount: 1, String: "FILEEXIT"
ID: 0x81A2, Type: AT_STRING, RefCount: 1, String: "PROJECTAPPEXPERT"
ID: 0x8222, Type: AT_STRING, RefCount: 1, String: "MonthName"
ID: 0x82A2, Type: AT_STRING, RefCount: 1, String: "IDE.HelpAbout();"
ID: 0x85A2, Type: AT_IDENT, RefCount: 1, String: FileExists
ID: 0x8C22, Type: AT_STRING, RefCount: 4, String: "editor.TopView.Position.MoveRelative(0,1, true);SetZeroBlock(FALSE);"
ID: 0x8023, Type: AT_STRING, RefCount: 1, String: "FindExecutionPoint"
ID: 0x80A3, Type: AT_STRING, RefCount: 2, String: "VIEWSLIDE"
ID: 0x8123, Type: AT_STRING, RefCount: 1, String: "REGULAREXPRESSION"
ID: 0x81A3, Type: AT_STRING, RefCount: 1, String: "PLAYBACK"
ID: 0x8223, Type: AT_STRING, RefCount: 1, String: "IDE.SearchBrowseSymbol(editor.GetWord());"
ID: 0x87A3, Type: AT_IDENT, RefCount: 1, String: DoIDESearchPreviousMessage
ID: 0x8823, Type: AT_IDENT, RefCount: 1, String: DoIDESearchNextMessage
ID: 0x8923, Type: AT_STRING, RefCount: 10, String: "editor.MoveCursorToMate(SEARCH_BACKWARD);"
ID: 0x8A23, Type: AT_STRING, RefCount: 10, String: "editor.TopView.Position.Move(1,1);"
ID: 0x8024, Type: AT_STRING, RefCount: 2, String: "ViewBreakpoint"
ID: 0x80A4, Type: AT_STRING, RefCount: 1, String: "STARTINGCOLUMN"
ID: 0x8124, Type: AT_STRING, RefCount: 1, String: "Begin"
ID: 0x81A4, Type: AT_STRING, RefCount: 1, String: "BEGIN"
ID: 0x8224, Type: AT_STRING, RefCount: 1, String: "StyleGetNext"
ID: 0x82A4, Type: AT_STRING, RefCount: 1, String: "IsZoomed"
ID: 0x8324, Type: AT_STRING, RefCount: 2, String: "VIEWACTIVATE"
ID: 0x83A4, Type: AT_STRING, RefCount: 1, String: "CurrentDirectory"
ID: 0x8424, Type: AT_STRING, RefCount: 1, String: "CURRENTDIRECTORY"
ID: 0x84A4, Type: AT_STRING, RefCount: 1, String: "SEARCHLOCATESYMBOL"
ID: 0x8524, Type: AT_STRING, RefCount: 1, String: "PausePlayback"
ID: 0x8025, Type: AT_STRING, RefCount: 1, String: "DEBUGEEABOUTTORUN"
ID: 0x80A5, Type: AT_STRING, RefCount: 1, String: "DebugeeTerminated"
ID: 0x8125, Type: AT_STRING, RefCount: 1, String: "Size"
ID: 0x81A5, Type: AT_STRING, RefCount: 1, String: "BOOKMARKGOTO"
ID: 0x8225, Type: AT_STRING, RefCount: 1, String: "YESNODIALOG"
ID: 0x82A5, Type: AT_STRING, RefCount: 1, String: "Unload"
ID: 0x8325, Type: AT_STRING, RefCount: 1, String: "CurrentPlayback"
ID: 0x83A5, Type: AT_STRING, RefCount: 2, String: "IDE.EditPaste();"
ID: 0x8425, Type: AT_STRING, RefCount: 3, String: "CPU"
ID: 0x89A5, Type: AT_STRING, RefCount: 6, String: "editor.InternalCopyBlock();"
ID: 0x8026, Type: AT_STRING, RefCount: 1, String: "InsertMode"
ID: 0x80A6, Type: AT_STRING, RefCount: 1, String: "IsWordCharacter"
ID: 0x8126, Type: AT_STRING, RefCount: 1, String: "BottomRow"
ID: 0x81A6, Type: AT_STRING, RefCount: 1, String: "GetRegionBottom"
ID: 0x8226, Type: AT_STRING, RefCount: 1, String: "WINDOWTILEVERTICAL"
ID: 0x82A6, Type: AT_STRING, RefCount: 1, String: "TRIM"
ID: 0x8326, Type: AT_STRING, RefCount: 2, String: "IDE.SearchSearchAgain();"
ID: 0x83A6, Type: AT_STRING, RefCount: 1, String: "IDE.ViewProcess();"
ID: 0x8426, Type: AT_STRING, RefCount: 2, String: "Evaluator"
ID: 0x86A6, Type: AT_STRING, RefCount: 1, String: "ParseHelpCompilerMessages"
ID: 0x8726, Type: AT_STRING, RefCount: 1, String: "block_search"
ID: 0x8027, Type: AT_STRING, RefCount: 1, String: "INSTRUCTIONSTEPINTO"
ID: 0x80A7, Type: AT_STRING, RefCount: 1, String: "ATTEMPTTOMODIFYREADONLYBUFFER"
ID: 0x8127, Type: AT_STRING, RefCount: 1, String: "MoveBOL"
ID: 0x81A7, Type: AT_STRING, RefCount: 1, String: "LEFTCOLUMN"
ID: 0x8227, Type: AT_STRING, RefCount: 2, String: "HelpContents"
ID: 0x82A7, Type: AT_STRING, RefCount: 1, String: "ProjectCloseProject"
ID: 0x8327, Type: AT_STRING, RefCount: 1, String: "PROJECTCLOSEPROJECT"
ID: 0x83A7, Type: AT_STRING, RefCount: 1, String: "WINDOWCLOSEALL"
ID: 0x8427, Type: AT_STRING, RefCount: 1, String: "ISALPHANUMERIC"
ID: 0x84A7, Type: AT_STRING, RefCount: 1, String: "CONTAINS"
ID: 0x8527, Type: AT_STRING, RefCount: 2, String: "FileSendMail"
ID: 0x85A7, Type: AT_STRING, RefCount: 1, String: "IDE.ProjectNewTarget();"
ID: 0x8627, Type: AT_STRING, RefCount: 2, String: "IDE.ProjectMakeAll();"
ID: 0x86A7, Type: AT_STRING, RefCount: 1, String: "HelpTopicSearch"
ID: 0x8727, Type: AT_IDENT, RefCount: 73, String: IDE
ID: 0x8C27, Type: AT_IDENT, RefCount: 1, String: DoIDESearchSearchAgain
ID: 0x8028, Type: AT_STRING, RefCount: 1, String: "PreserveLineEnds"
ID: 0x80A8, Type: AT_STRING, RefCount: 1, String: "LOWERCASE"
ID: 0x8128, Type: AT_STRING, RefCount: 2, String: "Print"
ID: 0x81A8, Type: AT_STRING, RefCount: 2, String: "PRINT"
ID: 0x8228, Type: AT_STRING, RefCount: 1, String: "BufferList"
ID: 0x82A8, Type: AT_STRING, RefCount: 1, String: "USEBRIEFREGULAREXPRESSION"
ID: 0x8328, Type: AT_STRING, RefCount: 1, String: "FILEPRINT"
ID: 0x83A8, Type: AT_STRING, RefCount: 1, String: "ProjectMakeAll"
ID: 0x8428, Type: AT_STRING, RefCount: 1, String: "SearchReplaceText"
ID: 0x84A8, Type: AT_STRING, RefCount: 1, String: "SEARCHREPLACETEXT"
ID: 0x8528, Type: AT_STRING, RefCount: 1, String: "ScriptAbortKey"
ID: 0x85A8, Type: AT_STRING, RefCount: 1, String: "STARTRECORD"
ID: 0x8628, Type: AT_STRING, RefCount: 1, String: "IDE.FileSaveAll();"
ID: 0x86A8, Type: AT_STRING, RefCount: 1, String: "IDE.OptionsEnvironment();"
ID: 0x8728, Type: AT_STRING, RefCount: 1, String: "IDE.WindowCloseAll();"
ID: 0x8A28, Type: AT_IDENT, RefCount: 1, String: ResetBlock
ID: 0x8C28, Type: AT_IDENT, RefCount: 1, String: D:\BIN\BC5\SCRIPT\IDE.SPP
ID: 0x8DA8, Type: AT_STRING, RefCount: 12, String: "editor.SetBookmark(1);"
ID: 0x8EA8, Type: AT_STRING, RefCount: 4, String: "editor.TopView.Position.InsertCharacter(13);"
ID: 0x8F28, Type: AT_STRING, RefCount: 1, String: "Immediate"
ID: 0x8029, Type: AT_STRING, RefCount: 1, String: "RUNTOFILELINE"
ID: 0x80A9, Type: AT_STRING, RefCount: 1, String: "MOVERELATIVE"
ID: 0x8129, Type: AT_STRING, RefCount: 1, String: "VIEW"
ID: 0x81A9, Type: AT_STRING, RefCount: 1, String: "IDLETIME"
ID: 0x8229, Type: AT_STRING, RefCount: 2, String: "ViewProject"
ID: 0x82A9, Type: AT_STRING, RefCount: 1, String: "ProjectAddTarget"
ID: 0x8329, Type: AT_STRING, RefCount: 1, String: "WindowRestoreAllWindows"
ID: 0x83A9, Type: AT_STRING, RefCount: 1, String: "IDE.HelpWindowsAPI();"
ID: 0x89A9, Type: AT_IDENT, RefCount: 8, String: debugger
ID: 0x8C29, Type: AT_IDENT, RefCount: 1, String: $imm
ID: 0x802A, Type: AT_STRING, RefCount: 1, String: "EndingRow"
ID: 0x80AA, Type: AT_STRING, RefCount: 3, String: "Remove"
ID: 0x812A, Type: AT_STRING, RefCount: 1, String: "WHOLEFILE"
ID: 0x81AA, Type: AT_STRING, RefCount: 2, String: "IDE.SearchNextMessage();"
ID: 0x86AA, Type: AT_STRING, RefCount: 12, String: "editor.SetBookmark(3);"
ID: 0x872A, Type: AT_STRING, RefCount: 4, String: "editor.MarkToRelative(0, -1);"
ID: 0x802B, Type: AT_STRING, RefCount: 1, String: "VIEWREDO"
ID: 0x80AB, Type: AT_STRING, RefCount: 1, String: "MoveBlockEnd"
ID: 0x812B, Type: AT_STRING, RefCount: 1, String: "ViewCreate"
ID: 0x81AB, Type: AT_STRING, RefCount: 1, String: "Left"
ID: 0x822B, Type: AT_STRING, RefCount: 3, String: "SearchFind"
ID: 0x82AB, Type: AT_STRING, RefCount: 1, String: "Loaded"
ID: 0x832B, Type: AT_STRING, RefCount: 3, String: "IDE.EditClear();"
ID: 0x83AB, Type: AT_STRING, RefCount: 1, String: "DebugAddBreakAtCurrent"
ID: 0x842B, Type: AT_STRING, RefCount: 1, String: "IDE.ViewBreakpoint();"
ID: 0x84AB, Type: AT_STRING, RefCount: 1, String: "Null"
ID: 0x89AB, Type: AT_IDENT, RefCount: 1, String: Abort
ID: 0x8EAB, Type: AT_IDENT, RefCount: 1, String: DoIDEFileClose
ID: 0x802C, Type: AT_STRING, RefCount: 1, String: "UseTabCharacter"
ID: 0x80AC, Type: AT_STRING, RefCount: 1, String: "USETABCHARACTER"
ID: 0x812C, Type: AT_STRING, RefCount: 1, String: "Style"
ID: 0x81AC, Type: AT_STRING, RefCount: 1, String: "STYLE"
ID: 0x822C, Type: AT_STRING, RefCount: 2, String: "Compile"
ID: 0x82AC, Type: AT_STRING, RefCount: 1, String: "PaneSplitLeft"
ID: 0x88AC, Type: AT_STRING, RefCount: 12, String: "editor.SetBookmark(5);"
ID: 0x892C, Type: AT_STRING, RefCount: 6, String: "editor.BrowseSymbolAtCursor();"
ID: 0x89AC, Type: AT_STRING, RefCount: 4, String: "editor.InternalMarkToBOF();"
ID: 0x8A2C, Type: AT_STRING, RefCount: 4, String: "editor.MarkToRelative(1, 0);"
ID: 0x8AAC, Type: AT_STRING, RefCount: 4, String: "editor.Cut();"
ID: 0x802D, Type: AT_STRING, RefCount: 1, String: "ADDBREAKPOINTFILELINE"
ID: 0x80AD, Type: AT_STRING, RefCount: 1, String: "PersistentBlocks"
ID: 0x812D, Type: AT_STRING, RefCount: 1, String: "INSERTSCRAP"
ID: 0x81AD, Type: AT_STRING, RefCount: 1, String: "Replace"
ID: 0x822D, Type: AT_STRING, RefCount: 1, String: "REPLACE"
ID: 0x82AD, Type: AT_STRING, RefCount: 1, String: "SEARCHAGAIN"
ID: 0x832D, Type: AT_STRING, RefCount: 2, String: "HEIGHT"
ID: 0x83AD, Type: AT_STRING, RefCount: 1, String: "NEXTWINDOW"
ID: 0x842D, Type: AT_STRING, RefCount: 1, String: "KeysProcessed"
ID: 0x84AD, Type: AT_STRING, RefCount: 1, String: "IDE.ViewCallStack();"
ID: 0x89AD, Type: AT_STRING, RefCount: 4, String: "IDE.ViewSlide(LEFT);"
ID: 0x8A2D, Type: AT_STRING, RefCount: 2, String: "editor.OpenLine();"
ID: 0x802E, Type: AT_STRING, RefCount: 1, String: "BUFFERUNDO"
ID: 0x80AE, Type: AT_STRING, RefCount: 1, String: "MirrorPath"
ID: 0x812E, Type: AT_STRING, RefCount: 1, String: "SEARCH"
ID: 0x81AE, Type: AT_STRING, RefCount: 2, String: "DATA"
ID: 0x822E, Type: AT_STRING, RefCount: 1, String: "Accept"
ID: 0x82AE, Type: AT_STRING, RefCount: 1, String: "CODETOKEY"
ID: 0x832E, Type: AT_STRING, RefCount: 4, String: "IDE.FileSave();"
ID: 0x83AE, Type: AT_STRING, RefCount: 1, String: "IDE.ScriptRun();"
ID: 0x89AE, Type: AT_STRING, RefCount: 2, String: "debugger.InstructionStepInto();"
ID: 0x8A2E, Type: AT_STRING, RefCount: 12, String: "editor.SetBookmark(7);"
ID: 0x802F, Type: AT_STRING, RefCount: 1, String: "HorizontalScrollBar"
ID: 0x80AF, Type: AT_STRING, RefCount: 1, String: "USEBRIEFCURSORSHAPES"
ID: 0x812F, Type: AT_STRING, RefCount: 4, String: "Name"
ID: 0x81AF, Type: AT_STRING, RefCount: 1, String: "LASTEDITROW"
ID: 0x822F, Type: AT_STRING, RefCount: 2, String: "ScriptModules"
ID: 0x82AF, Type: AT_STRING, RefCount: 1, String: "FILEPRINTERSETUP"
ID: 0x832F, Type: AT_STRING, RefCount: 1, String: "MessagePrior"
ID: 0x83AF, Type: AT_STRING, RefCount: 2, String: "IDE.DebugRun();"
ID: 0x842F, Type: AT_STRING, RefCount: 1, String: "CodeGuard"
ID: 0x852F, Type: AT_IDENT, RefCount: 1, String: GetEnvironmentVariable
ID: 0x872F, Type: AT_IDENT, RefCount: 1, String: SetZeroBlock
ID: 0x8030, Type: AT_STRING, RefCount: 1, String: "InsertText"
ID: 0x80B0, Type: AT_STRING, RefCount: 1, String: "PageUp"
ID: 0x8130, Type: AT_STRING, RefCount: 1, String: "PARENT"
ID: 0x81B0, Type: AT_STRING, RefCount: 1, String: "ListDialog"
ID: 0x8230, Type: AT_STRING, RefCount: 2, String: "OptionsSave"
ID: 0x82B0, Type: AT_STRING, RefCount: 1, String: "HIDDEN"
ID: 0x8330, Type: AT_STRING, RefCount: 1, String: "WindowArrangeicons"
ID: 0x84B0, Type: AT_IDENT, RefCount: 1, String: D:\BIN\BC5\SCRIPT\MISCSCR.SPP
ID: 0x89B0, Type: AT_IDENT, RefCount: 1, String: D:\BIN\BC5\SCRIPT\IDE.SPX
ID: 0x8B30, Type: AT_STRING, RefCount: 12, String: "editor.SetBookmark(9);"
ID: 0x8031, Type: AT_STRING, RefCount: 2, String: "TEXT"
ID: 0x80B1, Type: AT_STRING, RefCount: 3, String: "DELETE"
ID: 0x8131, Type: AT_STRING, RefCount: 2, String: "POSITION"
ID: 0x81B1, Type: AT_STRING, RefCount: 1, String: "BackupPath"
ID: 0x8231, Type: AT_STRING, RefCount: 1, String: "BufferOptions"
ID: 0x82B1, Type: AT_STRING, RefCount: 1, String: "MoveCursor"
ID: 0x8331, Type: AT_STRING, RefCount: 1, String: "Caller"
ID: 0x83B1, Type: AT_STRING, RefCount: 4, String: "IDE.DebugAddWatch();"
ID: 0x8431, Type: AT_STRING, RefCount: 1, String: "DebugLoadSymbolTable"
ID: 0x8531, Type: AT_STRING, RefCount: 1, String: "ParseFilenameMessages"
ID: 0x8A31, Type: AT_STRING, RefCount: 8, String: "editor.SlideBlock();"
ID: 0x8032, Type: AT_STRING, RefCount: 1, String: "INDENT"
ID: 0x80B2, Type: AT_STRING, RefCount: 1, String: "GETKEYBOARD"
ID: 0x8132, Type: AT_STRING, RefCount: 2, String: "IDE.SearchPreviousMessage();"
ID: 0x81B2, Type: AT_STRING, RefCount: 1, String: "IDE.DebugRunTo();"
ID: 0x83B2, Type: AT_IDENT, RefCount: 1, String: PlaySound
ID: 0x86B2, Type: AT_IDENT, RefCount: 1, String: DoIDEEditClear
ID: 0x87B2, Type: AT_STRING, RefCount: 6, String: "editor.InternalLowerWord();"
ID: 0x8832, Type: AT_STRING, RefCount: 4, String: "editor.Copy();"
ID: 0x8033, Type: AT_STRING, RefCount: 1, String: "TokenFileName"
ID: 0x80B3, Type: AT_STRING, RefCount: 1, String: "PositionCreate"
ID: 0x8133, Type: AT_STRING, RefCount: 1, String: "ISWHITESPACE"
ID: 0x81B3, Type: AT_STRING, RefCount: 3, String: "IDENTIFIER"
ID: 0x8233, Type: AT_STRING, RefCount: 1, String: "SearchPreviousMessage"
ID: 0x82B3, Type: AT_STRING, RefCount: 1, String: "MAKECOMPLETE"
ID: 0x8333, Type: AT_STRING, RefCount: 1, String: "ViewClassMan"
ID: 0x83B3, Type: AT_STRING, RefCount: 1, String: "ProjectGenMake"
ID: 0x8034, Type: AT_STRING, RefCount: 1, String: "MARGIN"
ID: 0x80B4, Type: AT_STRING, RefCount: 1, String: "ExtendRelative"
ID: 0x8134, Type: AT_STRING, RefCount: 1, String: "MOVEBLOCKBEG"
ID: 0x81B4, Type: AT_STRING, RefCount: 1, String: "CurrentProjectNode"
ID: 0x8234, Type: AT_STRING, RefCount: 1, String: "HELPKEYBOARD"
ID: 0x82B4, Type: AT_STRING, RefCount: 1, String: "GoForward"
ID: 0x8334, Type: AT_STRING, RefCount: 1, String: "ReadChar"
ID: 0x83B4, Type: AT_STRING, RefCount: 1, String: "IDE.WindowCloseAll("Debug");"
ID: 0x8434, Type: AT_STRING, RefCount: 1, String: "brcc"
ID: 0x8A34, Type: AT_STRING, RefCount: 1, String: "Text Edit"
ID: 0x8B34, Type: AT_STRING, RefCount: 6, String: "editor.InternalToggleCase();"
ID: 0x8035, Type: AT_STRING, RefCount: 1, String: "EDITMODE"
ID: 0x80B5, Type: AT_STRING, RefCount: 1, String: "PROJECTOPENED"
ID: 0x8135, Type: AT_STRING, RefCount: 1, String: "FileSaveas"
ID: 0x81B5, Type: AT_STRING, RefCount: 1, String: "DebugRunToFileLine"
ID: 0x8036, Type: AT_STRING, RefCount: 1, String: "Extension"
ID: 0x80B6, Type: AT_STRING, RefCount: 1, String: "EXTENSION"
ID: 0x8136, Type: AT_STRING, RefCount: 1, String: "EditBufferCreate"
ID: 0x81B6, Type: AT_STRING, RefCount: 2, String: "ViewClasses"
ID: 0x8236, Type: AT_STRING, RefCount: 3, String: "EditUndo"
ID: 0x82B6, Type: AT_STRING, RefCount: 1, String: "MESSAGECREATE"
ID: 0x8336, Type: AT_STRING, RefCount: 1, String: "WindowTileHorizontal"
ID: 0x83B6, Type: AT_STRING, RefCount: 1, String: "IDE.ScriptModules();"
ID: 0x8436, Type: AT_STRING, RefCount: 2, String: "Watches"
ID: 0x89B6, Type: AT_IDENT, RefCount: 1, String: GotoNextLine
ID: 0x8037, Type: AT_STRING, RefCount: 1, String: "ISFILELOADED"
ID: 0x80B7, Type: AT_STRING, RefCount: 1, String: "MoveReal"
ID: 0x8137, Type: AT_STRING, RefCount: 1, String: "KeyboardManager"
ID: 0x81B7, Type: AT_STRING, RefCount: 2, String: "ScriptRun"
ID: 0x8237, Type: AT_STRING, RefCount: 1, String: "VIEWMESSAGE"
ID: 0x82B7, Type: AT_STRING, RefCount: 1, String: "GetRegionTop"
ID: 0x8337, Type: AT_STRING, RefCount: 1, String: "WINDOWCASCADE"
ID: 0x83B7, Type: AT_STRING, RefCount: 1, String: "ISLOADED"
ID: 0x8437, Type: AT_STRING, RefCount: 1, String: "Integer"
ID: 0x84B7, Type: AT_STRING, RefCount: 1, String: "INTEGER"
ID: 0x8537, Type: AT_STRING, RefCount: 1, String: "ProjectLOptionInspect"
ID: 0x85B7, Type: AT_STRING, RefCount: 1, String: "editor.GetWindow().ViewCreate(DOWN);"
ID: 0x8637, Type: AT_STRING, RefCount: 1, String: "BrowseGoto"
ID: 0x86B7, Type: AT_STRING, RefCount: 2, String: "ClassExpert"
ID: 0x8038, Type: AT_STRING, RefCount: 1, String: "End Of The Line"
ID: 0x80B8, Type: AT_STRING, RefCount: 1, String: "ReplaceAgain"
ID: 0x8138, Type: AT_STRING, RefCount: 1, String: "REPLACEAGAIN"
ID: 0x81B8, Type: AT_STRING, RefCount: 1, String: "StatusBar"
ID: 0x8238, Type: AT_STRING, RefCount: 1, String: "PROJECTCLOSED"
ID: 0x82B8, Type: AT_STRING, RefCount: 1, String: "LeftClick"
ID: 0x8338, Type: AT_STRING, RefCount: 1, String: "GetKeySequence"
ID: 0x83B8, Type: AT_STRING, RefCount: 1, String: "IDE.WindowCloseAll("Edit");"
ID: 0x8438, Type: AT_STRING, RefCount: 1, String: "BrowsePrint"
ID: 0x85B8, Type: AT_IDENT, RefCount: 1, String: D:\BIN\BC5\SCRIPT\MISCSCR.SPX
ID: 0x8838, Type: AT_STRING, RefCount: 2, String: "d:\bin\bc5\script\keymaps.spx"
ID: 0x88B8, Type: AT_IDENT, RefCount: 1, String: IdentifyProcessingMode
ID: 0x8039, Type: AT_STRING, RefCount: 1, String: "ExtendPageDown"
ID: 0x80B9, Type: AT_STRING, RefCount: 1, String: "PAGEDOWN"
ID: 0x8139, Type: AT_STRING, RefCount: 1, String: "OptionsStyleSheets"
ID: 0x81B9, Type: AT_STRING, RefCount: 1, String: "Made"
ID: 0x8239, Type: AT_STRING, RefCount: 1, String: "CaseSensitive"
ID: 0x82B9, Type: AT_STRING, RefCount: 1, String: "IDE.EditBufferList();"
ID: 0x8739, Type: AT_STRING, RefCount: 1, String: "next_char"
ID: 0x87B9, Type: AT_IDENT, RefCount: 1, String: CopyFile
ID: 0x8EB9, Type: AT_STRING, RefCount: 2, String: "editor.InternalDeleteLine();"
ID: 0x803A, Type: AT_STRING, RefCount: 1, String: "Read"
ID: 0x80BA, Type: AT_STRING, RefCount: 1, String: "KeyPressDialog"
ID: 0x813A, Type: AT_STRING, RefCount: 1, String: "BuildComplete"
ID: 0x81BA, Type: AT_STRING, RefCount: 1, String: "ScriptPath"
ID: 0x823A, Type: AT_STRING, RefCount: 1, String: "Minute"
ID: 0x82BA, Type: AT_STRING, RefCount: 1, String: "WindowCloseAllBrowser"
ID: 0x833A, Type: AT_STRING, RefCount: 1, String: "ClassExAddInstVar"
ID: 0x83BA, Type: AT_STRING, RefCount: 1, String: "DebugAnimate"
ID: 0x843A, Type: AT_STRING, RefCount: 2, String: "Default"
ID: 0x863A, Type: AT_IDENT, RefCount: 1, String: RemoveDirectory
ID: 0x8E3A, Type: AT_STRING, RefCount: 3, String: "debugger.InstructionStepOver();"
ID: 0x8FBA, Type: AT_STRING, RefCount: 6, String: "editor.DeleteView(UP);"
ID: 0x80BB, Type: AT_STRING, RefCount: 1, String: "ViewEventLog"
ID: 0x813B, Type: AT_STRING, RefCount: 1, String: "LOADTIME"
ID: 0x81BB, Type: AT_STRING, RefCount: 1, String: "DoFileOpen"
ID: 0x823B, Type: AT_STRING, RefCount: 1, String: "SearchNextMessage"
ID: 0x82BB, Type: AT_STRING, RefCount: 1, String: "GETPARM"
ID: 0x833B, Type: AT_STRING, RefCount: 1, String: "Assignments"
ID: 0x83BB, Type: AT_STRING, RefCount: 1, String: "ASSIGNMENTS"
ID: 0x84BB, Type: AT_STRING, RefCount: 1, String: "LoadFileAtCursor"
ID: 0x88BB, Type: AT_IDENT, RefCount: 1, String: D:\BIN\BC5\SCRIPT\DEFAULT.SPP
ID: 0x803C, Type: AT_STRING, RefCount: 2, String: "ViewCpu"
ID: 0x80BC, Type: AT_STRING, RefCount: 1, String: "CurrentDate"
ID: 0x813C, Type: AT_STRING, RefCount: 1, String: "ProjectManagerInitialize"
ID: 0x81BC, Type: AT_STRING, RefCount: 2, String: "SearchBrowseSymbol"
ID: 0x823C, Type: AT_STRING, RefCount: 1, String: "Tool"
ID: 0x82BC, Type: AT_STRING, RefCount: 1, String: "EditBufList"
ID: 0x833C, Type: AT_STRING, RefCount: 1, String: "IDE.ViewProject();"
ID: 0x83BC, Type: AT_STRING, RefCount: 1, String: "IDE.WindowRestoreAll();"
ID: 0x843C, Type: AT_STRING, RefCount: 1, String: "WindowRestoreAllDebugger"
ID: 0x873C, Type: AT_IDENT, RefCount: 1, String: InitializeScreenBlock
ID: 0x8BBC, Type: AT_STRING, RefCount: 4, String: "editor.MarkToViewTop();"
ID: 0x8C3C, Type: AT_STRING, RefCount: 2, String: "editor.BackTab();"
ID: 0x803D, Type: AT_STRING, RefCount: 1, String: "IsModified"
ID: 0x80BD, Type: AT_STRING, RefCount: 1, String: "NextBuffer"
ID: 0x813D, Type: AT_STRING, RefCount: 1, String: "GETWINDOW"
ID: 0x81BD, Type: AT_STRING, RefCount: 1, String: "FileSaveAll"
ID: 0x823D, Type: AT_STRING, RefCount: 1, String: "SpeedMenu"
ID: 0x82BD, Type: AT_STRING, RefCount: 1, String: "DEFAULTASSIGNMENT"
ID: 0x833D, Type: AT_STRING, RefCount: 1, String: "IDE.FilePrint();"
ID: 0x84BD, Type: AT_STRING, RefCount: 1, String: "load_macro"
ID: 0x88BD, Type: AT_STRING, RefCount: 4, String: "editor.MarkToPageUp();"
ID: 0x803E, Type: AT_STRING, RefCount: 1, String: "StatementStepOver"
ID: 0x80BE, Type: AT_STRING, RefCount: 1, String: "SAVETOFILE"
ID: 0x813E, Type: AT_STRING, RefCount: 1, String: "BLOCKCREATE"
ID: 0x81BE, Type: AT_STRING, RefCount: 1, String: "TYPE"
ID: 0x823E, Type: AT_STRING, RefCount: 1, String: "KeyToCode"
ID: 0x82BE, Type: AT_STRING, RefCount: 1, String: "Push"
ID: 0x833E, Type: AT_STRING, RefCount: 1, String: "IDE.DebugLoadSymbolTable();"
ID: 0x8CBE, Type: AT_STRING, RefCount: 6, String: "editor.GotoBookmark(1);"
ID: 0x8DBE, Type: AT_STRING, RefCount: 2, String: "editor.TopView.Position.InsertCharacter('-');"
ID: 0x8E3E, Type: AT_STRING, RefCount: 6, String: "editor.DeleteView(RIGHT);"
ID: 0x803F, Type: AT_STRING, RefCount: 1, String: "Cut"
ID: 0x80BF, Type: AT_STRING, RefCount: 1, String: "CUT"
ID: 0x813F, Type: AT_STRING, RefCount: 1, String: "EditOptionsCreate"
ID: 0x81BF, Type: AT_STRING, RefCount: 1, String: "EDITOPTIONSCREATE"
ID: 0x823F, Type: AT_STRING, RefCount: 1, String: "VIEWACTIVATED"
ID: 0x82BF, Type: AT_STRING, RefCount: 1, String: "INSERTFILE"
ID: 0x833F, Type: AT_STRING, RefCount: 1, String: "RIPTEXT"
ID: 0x83BF, Type: AT_STRING, RefCount: 1, String: "SearchSearchAgain"
ID: 0x843F, Type: AT_STRING, RefCount: 1, String: "INSERT"
ID: 0x84BF, Type: AT_STRING, RefCount: 1, String: "InqType"
ID: 0x853F, Type: AT_STRING, RefCount: 2, String: "GetCommand"
ID: 0x85BF, Type: AT_STRING, RefCount: 2, String: "GETCOMMAND"
ID: 0x863F, Type: AT_STRING, RefCount: 2, String: "IDE.EditRedo();"
ID: 0x86BF, Type: AT_STRING, RefCount: 1, String: "IDE.WindowArrangeIcons();"
ID: 0x873F, Type: AT_STRING, RefCount: 1, String: "IDE.DebugBreakpointOptions();"
ID: 0x87BF, Type: AT_STRING, RefCount: 2, String: "d:\bin\bc5\script\startup.spx"
ID: 0x893F, Type: AT_STRING, RefCount: 2, String: "d:\bin\bc5\script\edit.spx"
ID: 0x8CBF, Type: AT_IDENT, RefCount: 1, String: DoIDESearchReplace
ID: 0x8F3F, Type: AT_STRING, RefCount: 4, String: "IDE.ViewSlide(UP);"
ID: 0x8FBF, Type: AT_STRING, RefCount: 4, String: "editor.SmartTab();"
ID: 0x80C0, Type: AT_STRING, RefCount: 1, String: "Extend"
ID: 0x8140, Type: AT_STRING, RefCount: 1, String: "HasBeenModified"
ID: 0x81C0, Type: AT_STRING, RefCount: 2, String: "ViewGlobals"
ID: 0x8240, Type: AT_STRING, RefCount: 1, String: "EDITPASTE"
ID: 0x82C0, Type: AT_STRING, RefCount: 1, String: "HELPREQUESTED"
ID: 0x8340, Type: AT_STRING, RefCount: 2, String: "Append"
ID: 0x83C0, Type: AT_STRING, RefCount: 1, String: "LOGFILENAME"
ID: 0x8440, Type: AT_STRING, RefCount: 1, String: "WORDBOUNDARY"
ID: 0x84C0, Type: AT_STRING, RefCount: 1, String: "DayName"
ID: 0x8540, Type: AT_STRING, RefCount: 1, String: "GETKEYCODE"
ID: 0x8B40, Type: AT_IDENT, RefCount: 1, String: DoIDEEditUndo
ID: 0x8CC0, Type: AT_STRING, RefCount: 6, String: "editor.GotoBookmark(3);"
ID: 0x8041, Type: AT_STRING, RefCount: 1, String: "Evaluate"
ID: 0x80C1, Type: AT_STRING, RefCount: 1, String: "VIEWWATCH"
ID: 0x8141, Type: AT_STRING, RefCount: 1, String: "ModuleName"
ID: 0x81C1, Type: AT_STRING, RefCount: 2, String: "Width"
ID: 0x8241, Type: AT_STRING, RefCount: 2, String: "WIDTH"
ID: 0x82C1, Type: AT_STRING, RefCount: 2, String: "FileSave"
ID: 0x8341, Type: AT_STRING, RefCount: 1, String: "HelpOWLAPI"
ID: 0x83C1, Type: AT_STRING, RefCount: 1, String: "ProjectNewProject"
ID: 0x8441, Type: AT_STRING, RefCount: 1, String: "PROJECTNEWPROJECT"
ID: 0x84C1, Type: AT_STRING, RefCount: 1, String: "IsAProperty"
ID: 0x8541, Type: AT_STRING, RefCount: 1, String: "ISAPROPERTY"
ID: 0x85C1, Type: AT_STRING, RefCount: 1, String: "YEAR"
ID: 0x8641, Type: AT_STRING, RefCount: 1, String: "ASSIGNTYPEABLES"
ID: 0x86C1, Type: AT_STRING, RefCount: 1, String: "IDE.FileOpen();"
ID: 0x8AC1, Type: AT_IDENT, RefCount: 232, String: $blk
ID: 0x8F41, Type: AT_STRING, RefCount: 3, String: "IDE.KeyboardManager.SendKeys("{VK_F10}",TRUE);"
ID: 0x8042, Type: AT_STRING, RefCount: 1, String: "OVERWRITEBLOCKS"
ID: 0x80C2, Type: AT_STRING, RefCount: 1, String: "EXTENDREAL"
ID: 0x8142, Type: AT_STRING, RefCount: 1, String: "OriginalPath"
ID: 0x81C2, Type: AT_STRING, RefCount: 1, String: "ProjectAppExpert"
ID: 0x8242, Type: AT_STRING, RefCount: 1, String: "WINDOWMINIMIZEALL"
ID: 0x82C2, Type: AT_STRING, RefCount: 1, String: "INCLUDEPATH"
ID: 0x8342, Type: AT_STRING, RefCount: 1, String: "PromptOnReplace"
ID: 0x83C2, Type: AT_STRING, RefCount: 1, String: "HelpOnOWLApi"
ID: 0x85C2, Type: AT_IDENT, RefCount: 1, String: CreateDirectory
ID: 0x8742, Type: AT_STRING, RefCount: 1, String: "ED_BRIEF"
ID: 0x87C2, Type: AT_STRING, RefCount: 1, String: "ED_CLSSC"
ID: 0x8AC2, Type: AT_STRING, RefCount: 6, String: "editor.GotoBookmark(5);"
ID: 0x8BC2, Type: AT_STRING, RefCount: 4, String: "editor.Scroll(-1);"
ID: 0x8043, Type: AT_STRING, RefCount: 2, String: "HelpAbout"
ID: 0x80C3, Type: AT_STRING, RefCount: 1, String: "SORTED"
ID: 0x8143, Type: AT_STRING, RefCount: 1, String: "RegularExpression"
ID: 0x81C3, Type: AT_STRING, RefCount: 1, String: "Playback"
ID: 0x8243, Type: AT_STRING, RefCount: 1, String: "IDE.FileSend();"
ID: 0x82C3, Type: AT_STRING, RefCount: 1, String: "DebugToggleBreakpoint"
ID: 0x8343, Type: AT_STRING, RefCount: 1, String: "Unknown"
ID: 0x8443, Type: AT_STRING, RefCount: 1, String: "ED_DFLT"
ID: 0x8B43, Type: AT_IDENT, RefCount: 1, String: D:\BIN\BC5\SCRIPT\DEFAULT.SPX
ID: 0x8C43, Type: AT_STRING, RefCount: 6, String: "editor.ReadFileIntoBuffer();"
ID: 0x8CC3, Type: AT_STRING, RefCount: 8, String: "editor.SlideBlock(TRUE);"
ID: 0x8E43, Type: AT_STRING, RefCount: 6, String: "editor.DeleteView(DOWN);"
ID: 0x8EC3, Type: AT_STRING, RefCount: 4, String: "editor.InternalMarkToEOL();"
ID: 0x8044, Type: AT_STRING, RefCount: 1, String: "VIEWCPUFILELINE"
ID: 0x80C4, Type: AT_STRING, RefCount: 1, String: "RENAME"
ID: 0x8144, Type: AT_STRING, RefCount: 1, String: "SETTOPLEFT"
ID: 0x81C4, Type: AT_STRING, RefCount: 1, String: "GETREGIONLEFT"
ID: 0x8244, Type: AT_STRING, RefCount: 1, String: "AppendToLog"
ID: 0x82C4, Type: AT_STRING, RefCount: 1, String: "IsAFunction"
ID: 0x8344, Type: AT_STRING, RefCount: 1, String: "ISAFUNCTION"
ID: 0x83C4, Type: AT_STRING, RefCount: 1, String: "SendKeys"
ID: 0x8444, Type: AT_STRING, RefCount: 5, String: "IDE.SearchFind();"
ID: 0x84C4, Type: AT_STRING, RefCount: 1, String: "IDE.ProjectGenerateMakefile();"
ID: 0x85C4, Type: AT_STRING, RefCount: 1, String: "ParseGenericMessages"
ID: 0x8644, Type: AT_STRING, RefCount: 1, String: "delete_macro"
ID: 0x89C4, Type: AT_STRING, RefCount: 6, String: "editor.GotoBookmark(7);"
ID: 0x8A44, Type: AT_STRING, RefCount: 4, String: "editor.MoveCursorToWordLeft();"
ID: 0x8CC4, Type: AT_IDENT, RefCount: 1, String: D:\BIN\BC5\SCRIPT\ED_DFLT.SPP
ID: 0x8045, Type: AT_STRING, RefCount: 1, String: "ADDBREAKPOINT"
ID: 0x80C5, Type: AT_STRING, RefCount: 2, String: "Prior"
ID: 0x8145, Type: AT_STRING, RefCount: 2, String: "PRIOR"
ID: 0x81C5, Type: AT_STRING, RefCount: 1, String: "Application"
ID: 0x8245, Type: AT_STRING, RefCount: 1, String: "APPLICATION"
ID: 0x82C5, Type: AT_STRING, RefCount: 1, String: "HELP"
ID: 0x8345, Type: AT_STRING, RefCount: 1, String: "Translate"
ID: 0x83C5, Type: AT_STRING, RefCount: 1, String: "TRANSLATE"
ID: 0x8445, Type: AT_STRING, RefCount: 1, String: "DiagnosticMessages"
ID: 0x84C5, Type: AT_STRING, RefCount: 1, String: "IDE.ViewGlobals();"
ID: 0x8545, Type: AT_STRING, RefCount: 1, String: "IDE.DebugResetThisProcess();"
ID: 0x85C5, Type: AT_STRING, RefCount: 1, String: "help"
ID: 0x8046, Type: AT_STRING, RefCount: 1, String: "HIDE"
ID: 0x80C6, Type: AT_STRING, RefCount: 1, String: "BOTTOMROW"
ID: 0x8146, Type: AT_STRING, RefCount: 1, String: "BUFFER"
ID: 0x81C6, Type: AT_STRING, RefCount: 1, String: "HELPWINDOWSAPI"
ID: 0x8246, Type: AT_STRING, RefCount: 1, String: "SimpleDialog"
ID: 0x82C6, Type: AT_STRING, RefCount: 1, String: "Track"
ID: 0x8346, Type: AT_STRING, RefCount: 1, String: "TRACK"
ID: 0x83C6, Type: AT_STRING, RefCount: 1, String: "Trim"
ID: 0x8446, Type: AT_STRING, RefCount: 1, String: "SearchLocateFunction"
ID: 0x84C6, Type: AT_STRING, RefCount: 1, String: "WindowRestoreAllEditor"
ID: 0x8546, Type: AT_STRING, RefCount: 1, String: "IDE.HelpKeywordSearch();"
ID: 0x87C6, Type: AT_STRING, RefCount: 12, String: "BRIEFEx"
ID: 0x8846, Type: AT_STRING, RefCount: 1, String: "i_search"
ID: 0x8C46, Type: AT_STRING, RefCount: 4, String: "editor.GotoBookmark(9);"
ID: 0x8047, Type: AT_STRING, RefCount: 1, String: "AttemptToModifyReadOnlyBuffer"
ID: 0x80C7, Type: AT_STRING, RefCount: 1, String: "BufferOptionsCreate"
ID: 0x8147, Type: AT_STRING, RefCount: 1, String: "BUFFEROPTIONSCREATE"
ID: 0x81C7, Type: AT_STRING, RefCount: 1, String: "MouseTipRequested"
ID: 0x8247, Type: AT_STRING, RefCount: 1, String: "MOUSETIPREQUESTED"
ID: 0x82C7, Type: AT_STRING, RefCount: 1, String: "MOVEBOL"
ID: 0x8347, Type: AT_STRING, RefCount: 3, String: "EditCopy"
ID: 0x83C7, Type: AT_STRING, RefCount: 1, String: "OptionsEnvironment"
ID: 0x8447, Type: AT_STRING, RefCount: 1, String: "OPTIONSENVIRONMENT"
ID: 0x84C7, Type: AT_STRING, RefCount: 1, String: "WindowCloseAll"
ID: 0x8547, Type: AT_STRING, RefCount: 1, String: "SETPARM"
ID: 0x85C7, Type: AT_STRING, RefCount: 1, String: "IsAlphaNumeric"
ID: 0x8647, Type: AT_STRING, RefCount: 1, String: "Contains"
ID: 0x86C7, Type: AT_STRING, RefCount: 2, String: "IDE.ProjectCompile();"
ID: 0x8747, Type: AT_STRING, RefCount: 1, String: "PaneSplitDown"
ID: 0x8F47, Type: AT_IDENT, RefCount: 1, String: ProcessAssignmentCommand
ID: 0x8048, Type: AT_STRING, RefCount: 1, String: "DebugeeStopped"
ID: 0x80C8, Type: AT_STRING, RefCount: 1, String: "DEBUGEESTOPPED"
ID: 0x8148, Type: AT_STRING, RefCount: 1, String: "PRESERVELINEENDS"
ID: 0x81C8, Type: AT_STRING, RefCount: 1, String: "LowerCase"
ID: 0x8248, Type: AT_STRING, RefCount: 1, String: "BUFFERREDO"
ID: 0x82C8, Type: AT_STRING, RefCount: 1, String: "UseBRIEFRegularExpression"
ID: 0x8348, Type: AT_STRING, RefCount: 1, String: "PROJECTMAKEALL"
ID: 0x83C8, Type: AT_STRING, RefCount: 1, String: "PROJECTNEWTARGET"
ID: 0x8448, Type: AT_STRING, RefCount: 1, String: "ProjectOpenProject"
ID: 0x84C8, Type: AT_STRING, RefCount: 1, String: "Clear"
ID: 0x8548, Type: AT_STRING, RefCount: 1, String: "CLEAR"
ID: 0x85C8, Type: AT_STRING, RefCount: 1, String: "SymbolLoad"
ID: 0x8648, Type: AT_STRING, RefCount: 1, String: "SUBSTRING"
ID: 0x86C8, Type: AT_STRING, RefCount: 1, String: "StartRecord"
ID: 0x8748, Type: AT_STRING, RefCount: 1, String: "ClassExDeleteHandler"
ID: 0x8B48, Type: AT_IDENT, RefCount: 1, String: ToggleBlockStyle
ID: 0x8049, Type: AT_STRING, RefCount: 1, String: "ENDINGCOLUMN"
ID: 0x80C9, Type: AT_STRING, RefCount: 1, String: "UPPERCASE"
ID: 0x8149, Type: AT_STRING, RefCount: 2, String: "SearchOptions"
ID: 0x81C9, Type: AT_STRING, RefCount: 1, String: "InsertBlock"
ID: 0x8249, Type: AT_STRING, RefCount: 1, String: "View"
ID: 0x82C9, Type: AT_STRING, RefCount: 2, String: "OptionsProject"
ID: 0x8349, Type: AT_STRING, RefCount: 1, String: "OPTIONSPROJECT"
ID: 0x83C9, Type: AT_STRING, RefCount: 1, String: "VIEWPROJECT"
ID: 0x8449, Type: AT_STRING, RefCount: 1, String: "IDE.ViewCpu();"
ID: 0x84C9, Type: AT_STRING, RefCount: 2, String: "Debugger"
ID: 0x8DC9, Type: AT_STRING, RefCount: 3, String: "IDE.ViewActivate(DOWN);"
ID: 0x8E49, Type: AT_STRING, RefCount: 1, String: "IDE.ToggleKeystrokeRecording();"
ID: 0x8EC9, Type: AT_STRING, RefCount: 6, String: "editor.InternalDelete();"
ID: 0x804A, Type: AT_STRING, RefCount: 3, String: "Reset"
ID: 0x80CA, Type: AT_STRING, RefCount: 3, String: "RESET"
ID: 0x814A, Type: AT_STRING, RefCount: 1, String: "StatementStepInto"
ID: 0x81CA, Type: AT_STRING, RefCount: 1, String: "CREATEBACKUP"
ID: 0x824A, Type: AT_STRING, RefCount: 1, String: "ENDINGROW"
ID: 0x82CA, Type: AT_STRING, RefCount: 1, String: "OUTOFDATE"
ID: 0x834A, Type: AT_STRING, RefCount: 1, String: "SOURCEPATH"
ID: 0x83CA, Type: AT_STRING, RefCount: 1, String: "FromCursor"
ID: 0x844A, Type: AT_STRING, RefCount: 1, String: "WholeFile"
ID: 0x84CA, Type: AT_STRING, RefCount: 1, String: "RESUMERECORD"
ID: 0x8BCA, Type: AT_IDENT, RefCount: 1, String: D:\BIN\BC5\SCRIPT\FILTSTUB.SPP
ID: 0x804B, Type: AT_STRING, RefCount: 3, String: "ATTACH"
ID: 0x80CB, Type: AT_STRING, RefCount: 1, String: "VIEWEXISTS"
ID: 0x814B, Type: AT_STRING, RefCount: 1, String: "IDE.SearchLocateSymbol();"
ID: 0x864B, Type: AT_IDENT, RefCount: 1, String: DoIDEFileSave
ID: 0x87CB, Type: AT_STRING, RefCount: 6, String: "SetBlockStyle(INCLUSIVE_BLOCK);"
ID: 0x804C, Type: AT_STRING, RefCount: 1, String: "TOPBUFFER"
ID: 0x80CC, Type: AT_STRING, RefCount: 1, String: "FileSend"
ID: 0x814C, Type: AT_STRING, RefCount: 1, String: "INPUTNAME"
ID: 0x81CC, Type: AT_STRING, RefCount: 1, String: "IDE.WindowRestoreAll("Edit");"
ID: 0x824C, Type: AT_STRING, RefCount: 1, String: "debugger.EvaluateCurrent();"
ID: 0x85CC, Type: AT_IDENT, RefCount: 1, String: D:\BIN\BC5\SCRIPT\ED_DFLT.SPX
ID: 0x804D, Type: AT_STRING, RefCount: 2, String: "Height"
ID: 0x80CD, Type: AT_STRING, RefCount: 1, String: "SETREGION"
ID: 0x814D, Type: AT_STRING, RefCount: 1, String: "Index"
ID: 0x81CD, Type: AT_STRING, RefCount: 1, String: "INDEX"
ID: 0x824D, Type: AT_STRING, RefCount: 1, String: "KEYSPROCESSED"
ID: 0x82CD, Type: AT_STRING, RefCount: 1, String: "IDE.EditorOpenSource();"
ID: 0x804E, Type: AT_STRING, RefCount: 1, String: "Debug"
ID: 0x80CE, Type: AT_STRING, RefCount: 1, String: "DEBUG"
ID: 0x814E, Type: AT_STRING, RefCount: 1, String: "ToggleCase"
ID: 0x81CE, Type: AT_STRING, RefCount: 1, String: "Search"
ID: 0x824E, Type: AT_STRING, RefCount: 1, String: "EDITSELECTALL"
ID: 0x82CE, Type: AT_STRING, RefCount: 1, String: "FILEDIALOG"
ID: 0x834E, Type: AT_STRING, RefCount: 1, String: "FILEOPEN"
ID: 0x83CE, Type: AT_STRING, RefCount: 1, String: "ViewClassExpert"
ID: 0x844E, Type: AT_STRING, RefCount: 1, String: "VIEWCLASSEXPERT"
ID: 0x84CE, Type: AT_STRING, RefCount: 2, String: "Data"
ID: 0x854E, Type: AT_STRING, RefCount: 1, String: "Pop"
ID: 0x85CE, Type: AT_STRING, RefCount: 1, String: "POP"
ID: 0x864E, Type: AT_STRING, RefCount: 1, String: "WindowRestoreAllBrowser"
ID: 0x86CE, Type: AT_STRING, RefCount: 2, String: "IDE.WindowCascade();"
ID: 0x874E, Type: AT_STRING, RefCount: 1, String: "IDE.HelpUsingHelp();"
ID: 0x89CE, Type: AT_STRING, RefCount: 3, String: "openfile"
ID: 0x8A4E, Type: AT_STRING, RefCount: 1, String: "Processing MISCSCR.SPP script extensions."
ID: 0x8F4E, Type: AT_STRING, RefCount: 4, String: "editor.MarkToRelative(0, 1);"
ID: 0x804F, Type: AT_STRING, RefCount: 1, String: "FileName"
ID: 0x80CF, Type: AT_STRING, RefCount: 1, String: "MouseBlockCreated"
ID: 0x814F, Type: AT_STRING, RefCount: 1, String: "MOUSEBLOCKCREATED"
ID: 0x81CF, Type: AT_STRING, RefCount: 1, String: "RAISEDIALOGCREATEDEVENT"
ID: 0x824F, Type: AT_STRING, RefCount: 1, String: "SCRIPTMODULES"
ID: 0x82CF, Type: AT_STRING, RefCount: 2, String: "ScriptRunFile"
ID: 0x834F, Type: AT_STRING, RefCount: 1, String: "SCRIPTRUNFILE"
ID: 0x83CF, Type: AT_STRING, RefCount: 1, String: "ENTERCONTEXTHELPMODE"
ID: 0x844F, Type: AT_STRING, RefCount: 2, String: "FilePrinterSetup"
ID: 0x84CF, Type: AT_STRING, RefCount: 1, String: "Blank"
ID: 0x8C4F, Type: AT_IDENT, RefCount: 1, String: D:\BIN\BC5\SCRIPT\DEBUG.SPP
ID: 0x8050, Type: AT_STRING, RefCount: 1, String: "Parent"
ID: 0x80D0, Type: AT_STRING, RefCount: 3, String: "EditRedo"
ID: 0x8150, Type: AT_STRING, RefCount: 1, String: "Hidden"
ID: 0x81D0, Type: AT_STRING, RefCount: 1, String: "UNASSIGN"
ID: 0x8250, Type: AT_STRING, RefCount: 1, String: "OptionsNamedOptions"
ID: 0x82D0, Type: AT_STRING, RefCount: 1, String: "IDE.DebugInstructionStepInto();"
ID: 0x8350, Type: AT_STRING, RefCount: 1, String: "DebugLoad"
ID: 0x83D0, Type: AT_STRING, RefCount: 2, String: "Call Stack"
ID: 0x8450, Type: AT_IDENT, RefCount: 1, String: CONSOLE
ID: 0x8AD0, Type: AT_STRING, RefCount: 1, String: "Default emulation enabled."
ID: 0x8051, Type: AT_STRING, RefCount: 1, String: "ISRUNNABLE"
ID: 0x80D1, Type: AT_STRING, RefCount: 2, String: "Text"
ID: 0x8151, Type: AT_STRING, RefCount: 3, String: "Delete"
ID: 0x81D1, Type: AT_STRING, RefCount: 2, String: "Position"
ID: 0x8251, Type: AT_STRING, RefCount: 1, String: "ViewUndo"
ID: 0x82D1, Type: AT_STRING, RefCount: 1, String: "BUFFEROPTIONS"
ID: 0x8351, Type: AT_STRING, RefCount: 1, String: "Version"
ID: 0x83D1, Type: AT_STRING, RefCount: 1, String: "VERSION"
ID: 0x8451, Type: AT_STRING, RefCount: 3, String: "EditCut"
ID: 0x84D1, Type: AT_STRING, RefCount: 1, String: "KeyboardAssignmentsChanging"
ID: 0x8551, Type: AT_STRING, RefCount: 1, String: "KEYBOARDASSIGNMENTSCHANGING"
ID: 0x85D1, Type: AT_STRING, RefCount: 1, String: "MARK"
ID: 0x8651, Type: AT_STRING, RefCount: 1, String: "ClassExEditHeader"
ID: 0x8CD1, Type: AT_IDENT, RefCount: 1, String: DoIDEEditCopy
ID: 0x8052, Type: AT_STRING, RefCount: 1, String: "Indent"
ID: 0x80D2, Type: AT_STRING, RefCount: 1, String: "Top"
ID: 0x8152, Type: AT_STRING, RefCount: 1, String: "TOP"
ID: 0x81D2, Type: AT_STRING, RefCount: 1, String: "ReadLine"
ID: 0x8252, Type: AT_STRING, RefCount: 1, String: "GetKeyboard"
ID: 0x89D2, Type: AT_IDENT, RefCount: 1, String: D:\BIN\BC5\SCRIPT\FILTSTUB.SPX
ID: 0x8B52, Type: AT_STRING, RefCount: 4, String: "editor.CreateView(DOWN);"
ID: 0x8BD2, Type: AT_STRING, RefCount: 4, String: "editor.TopView.Position.InsertCharacter('\r');"
ID: 0x8053, Type: AT_STRING, RefCount: 1, String: "DESCRIBE"
ID: 0x80D3, Type: AT_STRING, RefCount: 1, String: "IsWhiteSpace"
ID: 0x8153, Type: AT_STRING, RefCount: 3, String: "Identifier"
ID: 0x81D3, Type: AT_STRING, RefCount: 1, String: "SCROLL"
ID: 0x8253, Type: AT_STRING, RefCount: 1, String: "Title"
ID: 0x82D3, Type: AT_STRING, RefCount: 1, String: "TITLE"
ID: 0x8353, Type: AT_STRING, RefCount: 1, String: "DEFAULTFILEPATH"
ID: 0x83D3, Type: AT_STRING, RefCount: 2, String: "FileClose"
ID: 0x8453, Type: AT_STRING, RefCount: 1, String: "QUIT"
ID: 0x84D3, Type: AT_STRING, RefCount: 1, String: "WINDOWRESTOREALL"
ID: 0x8553, Type: AT_STRING, RefCount: 1, String: "KeyboardFlags"
ID: 0x85D3, Type: AT_STRING, RefCount: 1, String: "DebugInstructionStepOver"
ID: 0x8A53, Type: AT_STRING, RefCount: 4, String: "editor.TopView.PageUp();"
ID: 0x8054, Type: AT_STRING, RefCount: 1, String: "Margin"
ID: 0x80D4, Type: AT_STRING, RefCount: 1, String: "MoveBlockBeg"
ID: 0x8154, Type: AT_STRING, RefCount: 1, String: "SubsystemActivated"
ID: 0x81D4, Type: AT_STRING, RefCount: 1, String: "SUBSYSTEMACTIVATED"
ID: 0x8254, Type: AT_STRING, RefCount: 2, String: "FindString"
ID: 0x82D4, Type: AT_STRING, RefCount: 1, String: "IsA"
ID: 0x8354, Type: AT_STRING, RefCount: 1, String: "GOFORWARD"
ID: 0x83D4, Type: AT_STRING, RefCount: 2, String: "Processes"
ID: 0x85D4, Type: AT_STRING, RefCount: 1, String: "ClassicEmulation"
ID: 0x8055, Type: AT_STRING, RefCount: 1, String: "TOGGLEBREAKPOINT"
ID: 0x80D5, Type: AT_STRING, RefCount: 1, String: "LeftGutterWidth"
ID: 0x8155, Type: AT_STRING, RefCount: 2, String: "MOVE"
ID: 0x81D5, Type: AT_STRING, RefCount: 1, String: "BookmarkRecord"
ID: 0x8255, Type: AT_STRING, RefCount: 1, String: "FileSaveAs"
ID: 0x82D5, Type: AT_STRING, RefCount: 1, String: "SAVEMESSAGES"
ID: 0x8355, Type: AT_STRING, RefCount: 1, String: "ProjectOpened"
ID: 0x83D5, Type: AT_STRING, RefCount: 1, String: "LIBRARYPATH"
ID: 0x8455, Type: AT_STRING, RefCount: 1, String: "IDE.OptionsSave();"
ID: 0x8056, Type: AT_STRING, RefCount: 1, String: "AddWatch"
ID: 0x80D6, Type: AT_STRING, RefCount: 1, String: "ADDWATCH"
ID: 0x8156, Type: AT_STRING, RefCount: 1, String: "IsReadOnly"
ID: 0x81D6, Type: AT_STRING, RefCount: 1, String: "EDITBUFFERCREATE"
ID: 0x8256, Type: AT_STRING, RefCount: 1, String: "ExpandWindow"
ID: 0x82D6, Type: AT_STRING, RefCount: 1, String: "VIEWCLASSES"
ID: 0x8356, Type: AT_STRING, RefCount: 1, String: "EditBufferList"
ID: 0x83D6, Type: AT_STRING, RefCount: 1, String: "MessageCreate"
ID: 0x8456, Type: AT_STRING, RefCount: 1, String: "WINDOWTILEHORIZONTAL"
ID: 0x84D6, Type: AT_STRING, RefCount: 1, String: "OutputName"
ID: 0x8556, Type: AT_STRING, RefCount: 1, String: "REPLACETEXT"
ID: 0x85D6, Type: AT_STRING, RefCount: 1, String: "RESUMEPLAYBACK"
ID: 0x89D6, Type: AT_IDENT, RefCount: 1, String: StartBlockBeforeCursor
ID: 0x8057, Type: AT_STRING, RefCount: 1, String: "EVALUATEWINDOW"
ID: 0x80D7, Type: AT_STRING, RefCount: 1, String: "Row"
ID: 0x8157, Type: AT_STRING, RefCount: 1, String: "ROW"
ID: 0x81D7, Type: AT_STRING, RefCount: 1, String: "MoveCursorToView"
ID: 0x8257, Type: AT_STRING, RefCount: 1, String: "MOVECURSORTOVIEW"
ID: 0x82D7, Type: AT_STRING, RefCount: 1, String: "KEYBOARDMANAGER"
ID: 0x8357, Type: AT_STRING, RefCount: 1, String: "SCRIPTRUN"
ID: 0x83D7, Type: AT_STRING, RefCount: 1, String: "GETREGIONTOP"
ID: 0x8457, Type: AT_STRING, RefCount: 1, String: "DiagnosticMessageMask"
ID: 0x84D7, Type: AT_STRING, RefCount: 1, String: "DIAGNOSTICMESSAGEMASK"
ID: 0x86D7, Type: AT_IDENT, RefCount: 1, String: D:\BIN\BC5\SCRIPT\DEBUG.SPX
ID: 0x8058, Type: AT_STRING, RefCount: 1, String: "VIEWCALLSTACK"
ID: 0x80D8, Type: AT_STRING, RefCount: 1, String: "End"
ID: 0x8158, Type: AT_STRING, RefCount: 1, String: "END"
ID: 0x81D8, Type: AT_STRING, RefCount: 1, String: "DISTANCETOTAB"
ID: 0x8258, Type: AT_STRING, RefCount: 1, String: "STATUSBAR"
ID: 0x82D8, Type: AT_STRING, RefCount: 1, String: "IDLE"
ID: 0x8358, Type: AT_STRING, RefCount: 1, String: "ProjectClosed"
ID: 0x83D8, Type: AT_STRING, RefCount: 1, String: "LEFTCLICK"
ID: 0x8458, Type: AT_STRING, RefCount: 1, String: "Logging"
ID: 0x84D8, Type: AT_STRING, RefCount: 1, String: "LOGGING"
ID: 0x8558, Type: AT_IDENT, RefCount: 1, String: GetFileAttributes
ID: 0x8958, Type: AT_STRING, RefCount: 6, String: "editor.BlockUpper();"
ID: 0x89D8, Type: AT_STRING, RefCount: 4, String: "editor.MarkToPageDown();"
ID: 0x8059, Type: AT_STRING, RefCount: 1, String: "EXTENDPAGEDOWN"
ID: 0x80D9, Type: AT_STRING, RefCount: 2, String: "Paint"
ID: 0x8159, Type: AT_STRING, RefCount: 2, String: "PAINT"
ID: 0x81D9, Type: AT_STRING, RefCount: 1, String: "EndWaitCursor"
ID: 0x8259, Type: AT_STRING, RefCount: 1, String: "CASESENSITIVE"
ID: 0x82D9, Type: AT_STRING, RefCount: 1, String: "CompressFileName"
ID: 0x8359, Type: AT_STRING, RefCount: 1, String: "MESSAGEID"
ID: 0x87D9, Type: AT_IDENT, RefCount: 1, String: DoIDEFileSaveAll
ID: 0x805A, Type: AT_STRING, RefCount: 1, String: "Animate"
ID: 0x80DA, Type: AT_STRING, RefCount: 1, String: "ANIMATE"
ID: 0x815A, Type: AT_STRING, RefCount: 1, String: "PauseProgram"
ID: 0x81DA, Type: AT_STRING, RefCount: 1, String: "PAUSEPROGRAM"
ID: 0x825A, Type: AT_STRING, RefCount: 1, String: "RunToAddress"
ID: 0x82DA, Type: AT_STRING, RefCount: 1, String: "ViewDelete"
ID: 0x835A, Type: AT_STRING, RefCount: 1, String: "StatusBarDialog"
ID: 0x83DA, Type: AT_STRING, RefCount: 1, String: "STATUSBARDIALOG"
ID: 0x845A, Type: AT_STRING, RefCount: 1, String: "IDE.FileSaveAs();"
ID: 0x84DA, Type: AT_STRING, RefCount: 2, String: "EditClear"
ID: 0x8CDA, Type: AT_IDENT, RefCount: 1, String: DoIDEEditRedo
ID: 0x8E5A, Type: AT_STRING, RefCount: 3, String: "IDE.ViewActivate(RIGHT);"
ID: 0x8EDA, Type: AT_STRING, RefCount: 4, String: "editor.TopView.Position.MoveRelative(1,0);SetZeroBlock(FALSE);"
ID: 0x8F5A, Type: AT_STRING, RefCount: 2, String: ";"
ID: 0x805B, Type: AT_STRING, RefCount: 1, String: "InstructionStepOver"
ID: 0x80DB, Type: AT_STRING, RefCount: 1, String: "BACKSPACEDELETE"
ID: 0x815B, Type: AT_STRING, RefCount: 1, String: "CENTER"
ID: 0x81DB, Type: AT_STRING, RefCount: 1, String: "DOFILEOPEN"
ID: 0x825B, Type: AT_STRING, RefCount: 1, String: "SecondElapsed"
ID: 0x82DB, Type: AT_STRING, RefCount: 1, String: "ARGACTUAL"
ID: 0x835B, Type: AT_STRING, RefCount: 1, String: "GetParm"
ID: 0x83DB, Type: AT_STRING, RefCount: 1, String: "ScriptCompile"
ID: 0x85DB, Type: AT_STRING, RefCount: 1, String: "center"
ID: 0x8C5B, Type: AT_STRING, RefCount: 10, String: "editor.TopView.Position.MoveEOL();"
ID: 0x8D5B, Type: AT_STRING, RefCount: 4, String: "editor.MarkToViewBottom();"
ID: 0x805C, Type: AT_STRING, RefCount: 1, String: "BreakpointOptions"
ID: 0x80DC, Type: AT_STRING, RefCount: 1, String: "VIEWCPU"
ID: 0x815C, Type: AT_STRING, RefCount: 1, String: "COLUMN"
ID: 0x81DC, Type: AT_STRING, RefCount: 1, String: "ISHIDDEN"
ID: 0x825C, Type: AT_STRING, RefCount: 1, String: "SEARCHBROWSESYMBOL"
ID: 0x82DC, Type: AT_STRING, RefCount: 1, String: "IsRecording"
ID: 0x835C, Type: AT_STRING, RefCount: 1, String: "PROCESSPENDINGKEYSTROKES"
ID: 0x83DC, Type: AT_STRING, RefCount: 1, String: "editor.GetWindow().ViewCreate(LEFT);"
ID: 0x845C, Type: AT_STRING, RefCount: 1, String: "IDE.DebugInstructionStepOver();"
ID: 0x805D, Type: AT_STRING, RefCount: 1, String: "GetWindow"
ID: 0x80DD, Type: AT_STRING, RefCount: 1, String: "LastRow"
ID: 0x815D, Type: AT_STRING, RefCount: 1, String: "CLOSEWINDOW"
ID: 0x81DD, Type: AT_STRING, RefCount: 1, String: "DefaultAssignment"
ID: 0x825D, Type: AT_STRING, RefCount: 1, String: "STOPRECORD"
ID: 0x82DD, Type: AT_STRING, RefCount: 1, String: "FileSaveall"
ID: 0x80DE, Type: AT_STRING, RefCount: 1, String: "BlockCreate"
ID: 0x815E, Type: AT_STRING, RefCount: 1, String: "STARTWAITCURSOR"
ID: 0x81DE, Type: AT_STRING, RefCount: 2, String: "GETSTRING"
ID: 0x825E, Type: AT_STRING, RefCount: 1, String: "Type"
ID: 0x82DE, Type: AT_STRING, RefCount: 1, String: "Compare"
ID: 0x835E, Type: AT_STRING, RefCount: 1, String: "COMPARE"
ID: 0x885E, Type: AT_STRING, RefCount: 1, String: "SmartFileLoad"
ID: 0x89DE, Type: AT_IDENT, RefCount: 1, String: RemoveBlock
ID: 0x805F, Type: AT_STRING, RefCount: 1, String: "VERTICALSCROLLBAR"
ID: 0x80DF, Type: AT_STRING, RefCount: 1, String: "GOTOLINE"
ID: 0x815F, Type: AT_STRING, RefCount: 1, String: "RipText"
ID: 0x81DF, Type: AT_STRING, RefCount: 2, String: "Caption"
ID: 0x825F, Type: AT_STRING, RefCount: 2, String: "CAPTION"
ID: 0x82DF, Type: AT_STRING, RefCount: 3, String: "SearchReplace"
ID: 0x835F, Type: AT_STRING, RefCount: 1, String: "Insert"
ID: 0x83DF, Type: AT_STRING, RefCount: 1, String: "SEARCHTEXT"
ID: 0x845F, Type: AT_STRING, RefCount: 1, String: "ClassExEditSource"
ID: 0x84DF, Type: AT_STRING, RefCount: 1, String: "DebugInstructionStepInto"
ID: 0x855F, Type: AT_STRING, RefCount: 1, String: "bcc"
ID: 0x8060, Type: AT_STRING, RefCount: 1, String: "NextView"
ID: 0x80E0, Type: AT_STRING, RefCount: 1, String: "VIEWGLOBALS"
ID: 0x8160, Type: AT_STRING, RefCount: 1, String: "TRANSLATED"
ID: 0x81E0, Type: AT_STRING, RefCount: 1, String: "ISPAUSED"
ID: 0x8260, Type: AT_STRING, RefCount: 1, String: "GetKeyCode"
ID: 0x82E0, Type: AT_STRING, RefCount: 1, String: "IDE.FilePrinterSetup();"
ID: 0x8360, Type: AT_STRING, RefCount: 1, String: "IDE.WindowRestoreAll("Debug");"
ID: 0x83E0, Type: AT_STRING, RefCount: 1, String: "DebugRun"
ID: 0x84E0, Type: AT_IDENT, RefCount: 1, String: DoIDEFilePrint
ID: 0x8660, Type: AT_STRING, RefCount: 1, String: "IDE.PlaybackKeystrokeRecording();"
ID: 0x86E0, Type: AT_STRING, RefCount: 2, String: "editor.InternalDeleteWordLeft();"
ID: 0x8061, Type: AT_STRING, RefCount: 1, String: "InsertCharacter"
ID: 0x80E1, Type: AT_STRING, RefCount: 1, String: "SCRIPTCOMMANDS"
ID: 0x8161, Type: AT_STRING, RefCount: 1, String: "PROJECTGENERATEMAKEFILE"
ID: 0x81E1, Type: AT_STRING, RefCount: 1, String: "Year"
ID: 0x8261, Type: AT_STRING, RefCount: 1, String: "IDE.WindowMinimizeAll("Browse");"
ID: 0x84E1, Type: AT_IDENT, RefCount: 1, String: AssociateButton
ID: 0x8062, Type: AT_STRING, RefCount: 1, String: "OverwriteBlocks"
ID: 0x80E2, Type: AT_STRING, RefCount: 2, String: "FullName"
ID: 0x8162, Type: AT_STRING, RefCount: 1, String: "IdleTimeout"
ID: 0x81E2, Type: AT_STRING, RefCount: 1, String: "FileExit"
ID: 0x8262, Type: AT_STRING, RefCount: 1, String: "IncludePath"
ID: 0x82E2, Type: AT_STRING, RefCount: 1, String: "BrowseReferences"
ID: 0x8362, Type: AT_STRING, RefCount: 1, String: "debugger.InspectCurrent();"
ID: 0x8862, Type: AT_STRING, RefCount: 6, String: "editor.StopBlock(EXCLUSIVE_BLOCK);"
ID: 0x8063, Type: AT_STRING, RefCount: 1, String: "DebugeeCreated"
ID: 0x80E3, Type: AT_STRING, RefCount: 1, String: "DEBUGEECREATED"
ID: 0x8163, Type: AT_STRING, RefCount: 1, String: "HELPABOUT"
ID: 0x81E3, Type: AT_STRING, RefCount: 1, String: "MENU"
ID: 0x8263, Type: AT_STRING, RefCount: 1, String: "Sorted"
ID: 0x87E3, Type: AT_STRING, RefCount: 2, String: "editor.Undo();"
ID: 0x8963, Type: AT_STRING, RefCount: 4, String: "editor.ToggleInsertMode();"
ID: 0x8064, Type: AT_STRING, RefCount: 1, String: "VIEWBREAKPOINT"
ID: 0x80E4, Type: AT_STRING, RefCount: 2, String: "ViewCpuFileLine"
ID: 0x8164, Type: AT_STRING, RefCount: 1, String: "StartingColumn"
ID: 0x81E4, Type: AT_STRING, RefCount: 1, String: "Directory"
ID: 0x8264, Type: AT_STRING, RefCount: 1, String: "DIRECTORY"
ID: 0x82E4, Type: AT_STRING, RefCount: 1, String: "Rename"
ID: 0x8364, Type: AT_STRING, RefCount: 1, String: "OptionsChanged"
ID: 0x83E4, Type: AT_STRING, RefCount: 1, String: "OPTIONSCHANGED"
ID: 0x8464, Type: AT_STRING, RefCount: 1, String: "MoveEOF"
ID: 0x84E4, Type: AT_STRING, RefCount: 1, String: "ISZOOMED"
ID: 0x8564, Type: AT_STRING, RefCount: 1, String: "LastEditColumn"
ID: 0x85E4, Type: AT_STRING, RefCount: 1, String: "SetTopLeft"
ID: 0x8664, Type: AT_STRING, RefCount: 2, String: "ViewActivate"
ID: 0x86E4, Type: AT_STRING, RefCount: 1, String: "IDE.ProjectNewProject();"
ID: 0x87E4, Type: AT_IDENT, RefCount: 1, String: SetFileAttributes
ID: 0x8065, Type: AT_STRING, RefCount: 1, String: "AddBreakpoint"
ID: 0x80E5, Type: AT_STRING, RefCount: 1, String: "TABRACK"
ID: 0x8165, Type: AT_STRING, RefCount: 1, String: "BookmarkGoto"
ID: 0x81E5, Type: AT_STRING, RefCount: 1, String: "Help"
ID: 0x8265, Type: AT_STRING, RefCount: 1, String: "YesNoDialog"
ID: 0x82E5, Type: AT_STRING, RefCount: 1, String: "ClassExEditMenu"
ID: 0x8365, Type: AT_STRING, RefCount: 1, String: "DebugInspectCurrent"
ID: 0x83E5, Type: AT_STRING, RefCount: 2, String: "ResourceWorkshop"
ID: 0x8B65, Type: AT_IDENT, RefCount: 1, String: DoIDEEditCut
ID: 0x8066, Type: AT_STRING, RefCount: 1, String: "INSERTMODE"
ID: 0x80E6, Type: AT_STRING, RefCount: 1, String: "Hide"
ID: 0x8166, Type: AT_STRING, RefCount: 1, String: "EditWindowCreate"
ID: 0x81E6, Type: AT_STRING, RefCount: 1, String: "ISWORDCHARACTER"
ID: 0x8266, Type: AT_STRING, RefCount: 1, String: "Buffer"
ID: 0x82E6, Type: AT_STRING, RefCount: 1, String: "KeyboardAssignmentFile"
ID: 0x8366, Type: AT_STRING, RefCount: 1, String: "DIRECTORYDIALOG"
ID: 0x83E6, Type: AT_STRING, RefCount: 1, String: "GETREGIONBOTTOM"
ID: 0x8466, Type: AT_STRING, RefCount: 1, String: "HelpWindowsAPI"
ID: 0x84E6, Type: AT_STRING, RefCount: 1, String: "UNLOADED"
ID: 0x8566, Type: AT_STRING, RefCount: 1, String: "IDE.OptionsProject();"
ID: 0x85E6, Type: AT_STRING, RefCount: 1, String: "IDE.OptionsTools();"
ID: 0x8666, Type: AT_STRING, RefCount: 1, String: "WindowTilevertical"
ID: 0x86E6, Type: AT_STRING, RefCount: 2, String: "IDE.DebugEvaluate();"
ID: 0x8A66, Type: AT_STRING, RefCount: 2, String: "IDE.KeywordHelp();"
ID: 0x8B66, Type: AT_STRING, RefCount: 4, String: "editor.InternalMarkToBOL();"
ID: 0x8067, Type: AT_STRING, RefCount: 1, String: "InstructionStepInto"
ID: 0x80E7, Type: AT_STRING, RefCount: 1, String: "INITIALDATE"
ID: 0x8167, Type: AT_STRING, RefCount: 1, String: "ViewDestroyed"
ID: 0x81E7, Type: AT_STRING, RefCount: 1, String: "LeftColumn"
ID: 0x8267, Type: AT_STRING, RefCount: 1, String: "RIGHTCOLUMN"
ID: 0x82E7, Type: AT_STRING, RefCount: 1, String: "HELPCONTENTS"
ID: 0x8367, Type: AT_STRING, RefCount: 1, String: "SetParm"
ID: 0x83E7, Type: AT_STRING, RefCount: 1, String: "CountAssignments"
ID: 0x8467, Type: AT_STRING, RefCount: 1, String: "COUNTASSIGNMENTS"
ID: 0x84E7, Type: AT_STRING, RefCount: 1, String: "BrowseSingleView"
ID: 0x86E7, Type: AT_IDENT, RefCount: 1, String: IsLegalFileName
ID: 0x8CE7, Type: AT_STRING, RefCount: 12, String: "editor.SetBookmark(0);"
ID: 0x8068, Type: AT_STRING, RefCount: 1, String: "BUFFERLIST"
ID: 0x80E8, Type: AT_STRING, RefCount: 1, String: "ProjectNewTarget"
ID: 0x8168, Type: AT_STRING, RefCount: 1, String: "PROJECTOPENPROJECT"
ID: 0x81E8, Type: AT_STRING, RefCount: 1, String: "UNDO"
ID: 0x8268, Type: AT_STRING, RefCount: 1, String: "SubString"
ID: 0x82E8, Type: AT_STRING, RefCount: 1, String: "HOUR"
ID: 0x8368, Type: AT_STRING, RefCount: 1, String: "Recording"
ID: 0x83E8, Type: AT_STRING, RefCount: 1, String: "RECORDING"
ID: 0x8468, Type: AT_STRING, RefCount: 1, String: "IDE.FileNew();"
ID: 0x84E8, Type: AT_STRING, RefCount: 2, String: "IDE.EditCopy();"
ID: 0x8568, Type: AT_STRING, RefCount: 1, String: "IDE.ProjectBuildAll();"
ID: 0x85E8, Type: AT_STRING, RefCount: 1, String: "ClassExGetClassInfo"
ID: 0x87E8, Type: AT_STRING, RefCount: 1, String: "IDE.SpeedMenu();"
ID: 0x8868, Type: AT_STRING, RefCount: 6, String: "editor.DeleteView(LEFT);"
ID: 0x8069, Type: AT_STRING, RefCount: 1, String: "UpperCase"
ID: 0x80E9, Type: AT_STRING, RefCount: 2, String: "SEARCHOPTIONS"
ID: 0x8169, Type: AT_STRING, RefCount: 1, String: "INSERTBLOCK"
ID: 0x81E9, Type: AT_STRING, RefCount: 1, String: "MoveRelative"
ID: 0x8269, Type: AT_STRING, RefCount: 1, String: "IdleTime"
ID: 0x82E9, Type: AT_STRING, RefCount: 2, String: "Build"
ID: 0x8369, Type: AT_STRING, RefCount: 1, String: "BUILD"
ID: 0x83E9, Type: AT_STRING, RefCount: 1, String: "ISACLASS"
ID: 0x8A69, Type: AT_STRING, RefCount: 1, String: "debugger.ViewCallStack();"
ID: 0x8AE9, Type: AT_STRING, RefCount: 12, String: "editor.SetBookmark(2);"
ID: 0x806A, Type: AT_STRING, RefCount: 2, String: "LOAD"
ID: 0x80EA, Type: AT_STRING, RefCount: 1, String: "MoveEOL"
ID: 0x816A, Type: AT_STRING, RefCount: 1, String: "MULTISELECT"
ID: 0x81EA, Type: AT_STRING, RefCount: 1, String: "COMPRESS"
ID: 0x826A, Type: AT_STRING, RefCount: 1, String: "HelpOnWINApi"
ID: 0x82EA, Type: AT_STRING, RefCount: 1, String: "IDE.DebugPauseProcess();"
ID: 0x84EA, Type: AT_STRING, RefCount: 1, String: "BriefEmulation"
ID: 0x806B, Type: AT_STRING, RefCount: 3, String: "Attach"
ID: 0x80EB, Type: AT_STRING, RefCount: 6, String: "IsValid"
ID: 0x816B, Type: AT_STRING, RefCount: 1, String: "ViewRedo"
ID: 0x81EB, Type: AT_STRING, RefCount: 1, String: "TopRow"
ID: 0x826B, Type: AT_STRING, RefCount: 1, String: "TOPROW"
ID: 0x82EB, Type: AT_STRING, RefCount: 1, String: "VIEWCREATE"
ID: 0x836B, Type: AT_STRING, RefCount: 1, String: "Visible"
ID: 0x83EB, Type: AT_STRING, RefCount: 1, String: "VISIBLE"
ID: 0x846B, Type: AT_STRING, RefCount: 1, String: "SEARCHFIND"
ID: 0x84EB, Type: AT_STRING, RefCount: 1, String: "LoadMateFunctionality"
ID: 0x8AEB, Type: AT_STRING, RefCount: 12, String: "editor.SetBookmark(4);"
ID: 0x8BEB, Type: AT_STRING, RefCount: 4, String: "editor.TopView.Position.InsertCharacter(' ');"
ID: 0x816C, Type: AT_STRING, RefCount: 1, String: "TopBuffer"
ID: 0x81EC, Type: AT_STRING, RefCount: 1, String: "InputName"
ID: 0x826C, Type: AT_STRING, RefCount: 1, String: "LENGTH"
ID: 0x866C, Type: AT_STRING, RefCount: 4, String: "editor.MoveCursorToWordRight();"
ID: 0x876C, Type: AT_STRING, RefCount: 2, String: "d:\bin\bc5\script\ed_dflt.spx"
ID: 0x806D, Type: AT_STRING, RefCount: 1, String: "PERSISTENTBLOCKS"
ID: 0x80ED, Type: AT_STRING, RefCount: 1, String: "NextWindow"
ID: 0x816D, Type: AT_STRING, RefCount: 1, String: "SetRegion"
ID: 0x81ED, Type: AT_STRING, RefCount: 1, String: "SetWindowState"
ID: 0x826D, Type: AT_STRING, RefCount: 1, String: "KeyPressed"
ID: 0x82ED, Type: AT_STRING, RefCount: 1, String: "KEYPRESSED"
ID: 0x836D, Type: AT_STRING, RefCount: 1, String: "IDE.FileExit();"
ID: 0x83ED, Type: AT_STRING, RefCount: 1, String: "DebugAttach"
ID: 0x846D, Type: AT_STRING, RefCount: 1, String: "DebugInspect"
ID: 0x8AED, Type: AT_STRING, RefCount: 6, String: "editor.ToggleBlock();"
ID: 0x8B6D, Type: AT_STRING, RefCount: 12, String: "editor.SetBookmark(6);"
ID: 0x806E, Type: AT_STRING, RefCount: 1, String: "BufferUndo"
ID: 0x80EE, Type: AT_STRING, RefCount: 1, String: "BLOCKINDENT"
ID: 0x816E, Type: AT_STRING, RefCount: 1, String: "MIRRORPATH"
ID: 0x81EE, Type: AT_STRING, RefCount: 2, String: "Execute"
ID: 0x826E, Type: AT_STRING, RefCount: 2, String: "EXECUTE"
ID: 0x82EE, Type: AT_STRING, RefCount: 1, String: "CodeToKey"
ID: 0x836E, Type: AT_STRING, RefCount: 1, String: "IDE.HelpOWLAPI();"
ID: 0x83EE, Type: AT_STRING, RefCount: 2, String: "Inspector"
ID: 0x86EE, Type: AT_IDENT, RefCount: 1, String: DoIDEEditSelectAll
ID: 0x88EE, Type: AT_STRING, RefCount: 3, String: "IDE.ViewActivate(LEFT);"
ID: 0x89EE, Type: AT_STRING, RefCount: 4, String: "editor.TopView.PageDown();"
ID: 0x806F, Type: AT_STRING, RefCount: 1, String: "HORIZONTALSCROLLBAR"
ID: 0x80EF, Type: AT_STRING, RefCount: 1, String: "StartingRow"
ID: 0x816F, Type: AT_STRING, RefCount: 1, String: "UseBRIEFCursorShapes"
ID: 0x81EF, Type: AT_STRING, RefCount: 1, String: "LastEditRow"
ID: 0x826F, Type: AT_STRING, RefCount: 1, String: "RaiseDialogCreatedEvent"
ID: 0x82EF, Type: AT_STRING, RefCount: 1, String: "KEYBOARDASSIGNMENTSCHANGED"
ID: 0x836F, Type: AT_STRING, RefCount: 1, String: "MakePreview"
ID: 0x83EF, Type: AT_STRING, RefCount: 1, String: "ParseResourceCompilerMessages"
ID: 0x86EF, Type: AT_STRING, RefCount: 12, String: "editor.SetBookmark(8);"
ID: 0x8070, Type: AT_STRING, RefCount: 1, String: "ExtendPageUp"
ID: 0x80F0, Type: AT_STRING, RefCount: 1, String: "IsPrivate"
ID: 0x8170, Type: AT_STRING, RefCount: 1, String: "INSERTTEXT"
ID: 0x81F0, Type: AT_STRING, RefCount: 1, String: "PAGEUP"
ID: 0x8270, Type: AT_STRING, RefCount: 1, String: "LISTDIALOG"
ID: 0x82F0, Type: AT_STRING, RefCount: 1, String: "WINDOWARRANGEICONS"
ID: 0x8370, Type: AT_STRING, RefCount: 1, String: "Unassign"
ID: 0x8870, Type: AT_STRING, RefCount: 2, String: "d:\bin\bc5\script\ide.spx"
ID: 0x8A70, Type: AT_IDENT, RefCount: 1, String: D:\BIN\BC5\SCRIPT\KEYMAPS.SPP
ID: 0x8071, Type: AT_STRING, RefCount: 1, String: "BACKUPPATH"
ID: 0x80F1, Type: AT_STRING, RefCount: 1, String: "MOVECURSOR"
ID: 0x8171, Type: AT_STRING, RefCount: 1, String: "EDITCUT"
ID: 0x81F1, Type: AT_STRING, RefCount: 1, String: "Mark"
ID: 0x8271, Type: AT_STRING, RefCount: 1, String: "ProjectNew"
ID: 0x82F1, Type: AT_STRING, RefCount: 1, String: "WindowMinAllWindows"
ID: 0x8371, Type: AT_STRING, RefCount: 5, String: "Script"
ID: 0x83F1, Type: AT_IDENT, RefCount: 1, String: DeleteFile
ID: 0x8671, Type: AT_IDENT, RefCount: 1, String: DoIDESearchFind
ID: 0x8771, Type: AT_STRING, RefCount: 6, String: "editor.InternalUpperWord();"
ID: 0x8072, Type: AT_STRING, RefCount: 1, String: "CLOSED"
ID: 0x80F2, Type: AT_STRING, RefCount: 1, String: "MAKE"
ID: 0x8172, Type: AT_STRING, RefCount: 1, String: "ProjectLAddItem"
ID: 0x81F2, Type: AT_STRING, RefCount: 1, String: "IDE.ScriptCompileFile();"
ID: 0x8272, Type: AT_STRING, RefCount: 2, String: "debugger.RunToCurrent();"
ID: 0x82F2, Type: AT_STRING, RefCount: 1, String: "DebugStatementStepOver"
ID: 0x8472, Type: AT_STRING, RefCount: 1, String: "ED_EPSLN"
ID: 0x87F2, Type: AT_STRING, RefCount: 2, String: "d:\bin\bc5\script\filtstub.spx"
ID: 0x8073, Type: AT_STRING, RefCount: 1, String: "TOKENFILENAME"
ID: 0x80F3, Type: AT_STRING, RefCount: 2, String: "TOPVIEW"
ID: 0x8173, Type: AT_STRING, RefCount: 1, String: "Describe"
ID: 0x81F3, Type: AT_STRING, RefCount: 1, String: "Destroy"
ID: 0x8273, Type: AT_STRING, RefCount: 1, String: "DESTROY"
ID: 0x82F3, Type: AT_STRING, RefCount: 1, String: "POSITIONCREATE"
ID: 0x8373, Type: AT_STRING, RefCount: 1, String: "Scroll"
ID: 0x83F3, Type: AT_STRING, RefCount: 2, String: "Close"
ID: 0x8473, Type: AT_STRING, RefCount: 2, String: "CLOSE"
ID: 0x84F3, Type: AT_STRING, RefCount: 1, String: "EDITOR"
ID: 0x8573, Type: AT_STRING, RefCount: 1, String: "ScriptCompileFile"
ID: 0x85F3, Type: AT_STRING, RefCount: 1, String: "SCRIPTCOMPILEFILE"
ID: 0x8673, Type: AT_STRING, RefCount: 1, String: "FILECLOSE"
ID: 0x86F3, Type: AT_STRING, RefCount: 1, String: "Quit"
ID: 0x8773, Type: AT_STRING, RefCount: 1, String: "SEARCHPREVIOUSMESSAGE"
ID: 0x87F3, Type: AT_STRING, RefCount: 1, String: "WindowRestoreAll"
ID: 0x8873, Type: AT_STRING, RefCount: 1, String: "DialogCreated"
ID: 0x88F3, Type: AT_STRING, RefCount: 1, String: "MakeComplete"
ID: 0x8973, Type: AT_STRING, RefCount: 1, String: "HasUniqueMapping"
ID: 0x89F3, Type: AT_STRING, RefCount: 1, String: "AreKeysWaiting"
ID: 0x8A73, Type: AT_STRING, RefCount: 1, String: "KEYBOARDFLAGS"
ID: 0x8AF3, Type: AT_STRING, RefCount: 1, String: "transfer"
ID: 0x8DF3, Type: AT_IDENT, RefCount: 124, String: editor
ID: 0x9673, Type: AT_STRING, RefCount: 1, String: "D:\Users\Staffan\odb\odb95\mainWin.cpp"
ID: 0x8074, Type: AT_STRING, RefCount: 1, String: "EXTENDRELATIVE"
ID: 0x80F4, Type: AT_STRING, RefCount: 2, String: "HelpKeyboard"
ID: 0x8174, Type: AT_STRING, RefCount: 1, String: "ISA"
ID: 0x81F4, Type: AT_STRING, RefCount: 1, String: "READCHAR"
ID: 0x8274, Type: AT_STRING, RefCount: 1, String: "WindowMinAllDebugger"
ID: 0x82F4, Type: AT_STRING, RefCount: 1, String: "ProjMgr"
ID: 0x8774, Type: AT_STRING, RefCount: 6, String: "SetBlockStyle(COLUMN_BLOCK);"
ID: 0x8175, Type: AT_STRING, RefCount: 2, String: "Move"
ID: 0x81F5, Type: AT_STRING, RefCount: 1, String: "EditMode"
ID: 0x8275, Type: AT_STRING, RefCount: 1, String: "FILESAVEAS"
ID: 0x82F5, Type: AT_STRING, RefCount: 1, String: "LibraryPath"
ID: 0x8375, Type: AT_STRING, RefCount: 1, String: "ASSIGN"
ID: 0x83F5, Type: AT_STRING, RefCount: 1, String: "LASTKEYPROCESSED"
ID: 0x8475, Type: AT_STRING, RefCount: 1, String: "IDE.DebugLoad();"
ID: 0x8076, Type: AT_STRING, RefCount: 1, String: "ISREADONLY"
ID: 0x80F6, Type: AT_STRING, RefCount: 1, String: "WINDOW"
ID: 0x8176, Type: AT_STRING, RefCount: 1, String: "EDITBUFFERLIST"
ID: 0x81F6, Type: AT_STRING, RefCount: 1, String: "EDITUNDO"
ID: 0x8276, Type: AT_STRING, RefCount: 1, String: "TRANSLATECOMPLETE"
ID: 0x82F6, Type: AT_STRING, RefCount: 1, String: "RightClick"
ID: 0x8376, Type: AT_STRING, RefCount: 1, String: "RIGHTCLICK"
ID: 0x83F6, Type: AT_STRING, RefCount: 1, String: "ReplaceText"
ID: 0x8476, Type: AT_STRING, RefCount: 1, String: "MILLISECOND"
ID: 0x84F6, Type: AT_STRING, RefCount: 1, String: "IDE.OptionsStyleSheets();"
ID: 0x8576, Type: AT_STRING, RefCount: 1, String: "IDE.WindowCloseAll("Browse");"
ID: 0x85F6, Type: AT_STRING, RefCount: 1, String: "d:\bin\BC5\BIN\bcwdef.bcw"
ID: 0x8676, Type: AT_STRING, RefCount: 1, String: "swap_anchor"
ID: 0x8077, Type: AT_STRING, RefCount: 1, String: "MOVEREAL"
ID: 0x80F7, Type: AT_STRING, RefCount: 3, String: "NEXT"
ID: 0x8177, Type: AT_STRING, RefCount: 1, String: "IsLoaded"
ID: 0x81F7, Type: AT_STRING, RefCount: 1, String: "ReplaceAll"
ID: 0x8277, Type: AT_STRING, RefCount: 1, String: "REPLACEALL"
ID: 0x82F7, Type: AT_STRING, RefCount: 1, String: "IDE.EditSelectAll();"
ID: 0x8377, Type: AT_STRING, RefCount: 1, String: "IDE.ViewClassExpert();"
ID: 0x83F7, Type: AT_IDENT, RefCount: 1, String: D:\BIN\BC5\SCRIPT\STARTUP.SPP
ID: 0x8A77, Type: AT_STRING, RefCount: 4, String: "editor.CreateView(LEFT);"
ID: 0x8AF7, Type: AT_STRING, RefCount: 6, String: "editor.MoveLineViewTop();"
ID: 0x8078, Type: AT_STRING, RefCount: 1, String: "ViewCreated"
ID: 0x80F8, Type: AT_STRING, RefCount: 1, String: "DIRECTIONDIALOG"
ID: 0x8178, Type: AT_STRING, RefCount: 1, String: "Idle"
ID: 0x81F8, Type: AT_STRING, RefCount: 1, String: "ProjectOpen"
ID: 0x8278, Type: AT_STRING, RefCount: 1, String: "IDE.DebugAttach();"
ID: 0x8378, Type: AT_STRING, RefCount: 1, String: "Startup completed."
ID: 0x83F8, Type: AT_STRING, RefCount: 2, String: "d:\bin\bc5\script\miscscr.spx"
ID: 0x8678, Type: AT_IDENT, RefCount: 1, String: DoIDEEditPaste
ID: 0x86F8, Type: AT_IDENT, RefCount: 1, String: D:\BIN\BC5\SCRIPT\KEYMAPS.SPX
ID: 0x8878, Type: AT_STRING, RefCount: 4, String: "editor.MarkToWordLeft();"
ID: 0x88F8, Type: AT_STRING, RefCount: 4, String: "editor.MarkToWordRight();"
ID: 0x8978, Type: AT_STRING, RefCount: 1, String: "IDE loaded in 2129 milliseconds."
ID: 0x8079, Type: AT_STRING, RefCount: 4, String: "COPY"
ID: 0x80F9, Type: AT_STRING, RefCount: 1, String: "PageDown"
ID: 0x8179, Type: AT_STRING, RefCount: 1, String: "GetWindowState"
ID: 0x81F9, Type: AT_STRING, RefCount: 1, String: "Built"
ID: 0x8279, Type: AT_STRING, RefCount: 1, String: "BUILT"
ID: 0x82F9, Type: AT_STRING, RefCount: 1, String: "COMPRESSFILENAME"
ID: 0x8379, Type: AT_STRING, RefCount: 1, String: "MessageId"
ID: 0x83F9, Type: AT_STRING, RefCount: 1, String: "PROVIDER"
ID: 0x85F9, Type: AT_STRING, RefCount: 1, String: "prev_char"
ID: 0x8679, Type: AT_IDENT, RefCount: 1, String: IDEMessageBeep
ID: 0x8CF9, Type: AT_STRING, RefCount: 1, String: "IDE.ExpandWindow();"
ID: 0x8DF9, Type: AT_STRING, RefCount: 10, String: "editor.TopView.Position.Move(editor.TopView.TopRow);"
ID: 0x8EF9, Type: AT_STRING, RefCount: 4, String: "editor.Paste();"
ID: 0x807A, Type: AT_STRING, RefCount: 1, String: "RUNTOADDRESS"
ID: 0x80FA, Type: AT_STRING, RefCount: 1, String: "Started"
ID: 0x817A, Type: AT_STRING, RefCount: 1, String: "STARTED"
ID: 0x81FA, Type: AT_STRING, RefCount: 1, String: "SCRIPTPATH"
ID: 0x827A, Type: AT_STRING, RefCount: 1, String: "SECOND"
ID: 0x877A, Type: AT_STRING, RefCount: 4, String: "editor.MarkToRelative(-1, 0);"
ID: 0x807B, Type: AT_STRING, RefCount: 1, String: "BufferCreated"
ID: 0x80FB, Type: AT_STRING, RefCount: 1, String: "BackspaceDelete"
ID: 0x817B, Type: AT_STRING, RefCount: 1, String: "Center"
ID: 0x81FB, Type: AT_STRING, RefCount: 1, String: "ACTIVATE"
ID: 0x827B, Type: AT_STRING, RefCount: 1, String: "LoadTime"
ID: 0x82FB, Type: AT_STRING, RefCount: 1, String: "SEARCHNEXTMESSAGE"
ID: 0x837B, Type: AT_STRING, RefCount: 1, String: "SECONDELAPSED"
ID: 0x83FB, Type: AT_STRING, RefCount: 1, String: "ArgActual"
ID: 0x847B, Type: AT_STRING, RefCount: 1, String: "Month"
ID: 0x84FB, Type: AT_STRING, RefCount: 1, String: "MONTH"
ID: 0x8BFB, Type: AT_STRING, RefCount: 2, String: "editor.InsertLiteralKeyNext();"
ID: 0x807C, Type: AT_STRING, RefCount: 1, String: "BREAKPOINTOPTIONS"
ID: 0x80FC, Type: AT_STRING, RefCount: 1, String: "OPTIONSCHANGING"
ID: 0x817C, Type: AT_STRING, RefCount: 1, String: "Column"
ID: 0x81FC, Type: AT_STRING, RefCount: 1, String: "TransferOutputExists"
ID: 0x827C, Type: AT_STRING, RefCount: 1, String: "Lower"
ID: 0x82FC, Type: AT_STRING, RefCount: 1, String: "LOWER"
ID: 0x837C, Type: AT_STRING, RefCount: 1, String: "ISRECORDING"
ID: 0x83FC, Type: AT_STRING, RefCount: 1, String: "ProcessPendingKeystrokes"
ID: 0x847C, Type: AT_STRING, RefCount: 1, String: "DebugTerminate"
ID: 0x867C, Type: AT_STRING, RefCount: 1, String: "EpsilonEmulation"
ID: 0x807D, Type: AT_STRING, RefCount: 1, String: "ISMODIFIED"
ID: 0x80FD, Type: AT_STRING, RefCount: 1, String: "NEXTBUFFER"
ID: 0x817D, Type: AT_STRING, RefCount: 1, String: "LASTROW"
ID: 0x81FD, Type: AT_STRING, RefCount: 1, String: "CloseWindow"
ID: 0x827D, Type: AT_STRING, RefCount: 2, String: "FileNew"
ID: 0x82FD, Type: AT_STRING, RefCount: 1, String: "FILESAVEALL"
ID: 0x837D, Type: AT_STRING, RefCount: 1, String: "ProjectBuildAll"
ID: 0x83FD, Type: AT_STRING, RefCount: 1, String: "PROJECTBUILDALL"
ID: 0x847D, Type: AT_STRING, RefCount: 1, String: "Exiting"
ID: 0x84FD, Type: AT_STRING, RefCount: 1, String: "EXITING"
ID: 0x857D, Type: AT_STRING, RefCount: 1, String: "CURRENTRECORD"
ID: 0x8BFD, Type: AT_STRING, RefCount: 6, String: "editor.GotoBookmark(0);"
ID: 0x8C7D, Type: AT_STRING, RefCount: 6, String: "SetBlockStyle(EXCLUSIVE_BLOCK);"
ID: 0x80FE, Type: AT_STRING, RefCount: 1, String: "STATEMENTSTEPOVER"
ID: 0x817E, Type: AT_STRING, RefCount: 2, String: "GetString"
ID: 0x81FE, Type: AT_STRING, RefCount: 1, String: "KEYTOCODE"
ID: 0x827E, Type: AT_STRING, RefCount: 1, String: "IDE.ProjectCloseProject();"
ID: 0x82FE, Type: AT_STRING, RefCount: 1, String: "WindowMinAllEditor"
ID: 0x837E, Type: AT_STRING, RefCount: 1, String: "DebugStatementStepInto"
ID: 0x84FE, Type: AT_STRING, RefCount: 1, String: "assign_to_key"
ID: 0x887E, Type: AT_STRING, RefCount: 6, String: "editor.BlockSave();"
ID: 0x89FE, Type: AT_STRING, RefCount: 10, String: "editor.TopView.Position.MoveBOL();"
ID: 0x8A7E, Type: AT_STRING, RefCount: 2, String: "editor.IncrementalSearch();"
ID: 0x8AFE, Type: AT_STRING, RefCount: 4, String: "editor.Delete();"
ID: 0x8B7E, Type: AT_STRING, RefCount: 2, String: "editor.BackspaceDelete(1);"
ID: 0x807F, Type: AT_STRING, RefCount: 2, String: "ViewProcess"
ID: 0x80FF, Type: AT_STRING, RefCount: 1, String: "PRIORBUFFER"
ID: 0x817F, Type: AT_STRING, RefCount: 1, String: "InsertFile"
ID: 0x81FF, Type: AT_STRING, RefCount: 1, String: "SEARCHREPLACE"
ID: 0x827F, Type: AT_STRING, RefCount: 1, String: "SEARCHSEARCHAGAIN"
ID: 0x82FF, Type: AT_STRING, RefCount: 1, String: "Flush"
ID: 0x837F, Type: AT_STRING, RefCount: 1, String: "FLUSH"
ID: 0x83FF, Type: AT_STRING, RefCount: 1, String: "ClassExDeleteInstVar"
ID: 0x847F, Type: AT_STRING, RefCount: 1, String: "DebugEvaluate"
ID: 0x86FF, Type: AT_IDENT, RefCount: 1, String: D:\BIN\BC5\SCRIPT\STARTUP.SPX
ID: 0x877F, Type: AT_STRING, RefCount: 1, String: "tolower"
ID: 0x8A7F, Type: AT_STRING, RefCount: 6, String: "editor.GotoBookmark(2);"
ID: 0x8AFF, Type: AT_STRING, RefCount: 6, String: "editor.StartBlock(EXCLUSIVE_BLOCK);"
ID: 0x8B7F, Type: AT_STRING, RefCount: 6, String: "editor.InternalMarkWord();"
ID: 0x8BFF, Type: AT_STRING, RefCount: 4, String: "editor.TopView.Position.MoveRelative(-1, 0);SetZeroBlock(FALSE);"

ATOM MANAGER STATISTICS:

Total Calls to add Atoms: 3561
yMax:      44 (must be < 256 )
max Atoms: 3001 
cur Atoms: 1410 

All Event-Links freed in D:\BIN\BC5\BIN\IDEAE.DLL
